<?xml version="1.0" encoding="utf-8"?>
<CoverageSession xmlns:xsd="http://www.w3.org/2001/XMLSchema" xmlns:xsi="http://www.w3.org/2001/XMLSchema-instance" Version="0.0.0.0">
  <Summary numSequencePoints="327" visitedSequencePoints="154" numBranchPoints="0" visitedBranchPoints="0" sequenceCoverage="47.09" branchCoverage="0.0" maxCyclomaticComplexity="85" minCyclomaticComplexity="1" maxCrapScore="4109.58" minCrapScore="1" visitedClasses="5" numClasses="5" visitedMethods="19" numMethods="19" />
  <Modules>
    <Module>
      <Summary numSequencePoints="327" visitedSequencePoints="154" numBranchPoints="0" visitedBranchPoints="0" sequenceCoverage="47.09" branchCoverage="0.0" maxCyclomaticComplexity="85" minCyclomaticComplexity="1" maxCrapScore="4109.58" minCrapScore="1" visitedClasses="5" numClasses="5" visitedMethods="19" numMethods="19" />
      <ModuleTime>0001-01-01T00:00:00</ModuleTime>
      <ModuleName>Assembly-CSharp</ModuleName>
      <Files>
        <File uid="1" fullPath="F:/Unity Projects/Friday Night/Assets/Scripts/AINoteLogic.cs" />
        <File uid="2" fullPath="F:/Unity Projects/Friday Night/Assets/Scripts/BeatScroller.cs" />
        <File uid="3" fullPath="F:/Unity Projects/Friday Night/Assets/Scripts/CameraBob.cs" />
        <File uid="4" fullPath="F:/Unity Projects/Friday Night/Assets/Scripts/GameManager.cs" />
        <File uid="5" fullPath="F:/Unity Projects/Friday Night/Assets/Scripts/Loader.cs" />
        <File uid="6" fullPath="F:/Unity Projects/Friday Night/Assets/Scripts/MenuLogic.cs" />
        <File uid="7" fullPath="F:/Unity Projects/Friday Night/Assets/Scripts/NoteCuller.cs" />
        <File uid="8" fullPath="F:/Unity Projects/Friday Night/Assets/Scripts/NoteLogic.cs" />
      </Files>
      <Classes>
        <Class>
          <Summary numSequencePoints="7" visitedSequencePoints="4" numBranchPoints="0" visitedBranchPoints="0" sequenceCoverage="57.14" branchCoverage="0.0" maxCyclomaticComplexity="2" minCyclomaticComplexity="1" maxCrapScore="2.86" minCrapScore="1" visitedClasses="1" numClasses="1" visitedMethods="2" numMethods="2" />
          <FullName>BeatScroller</FullName>
          <Methods>
            <Method visited="true" cyclomaticComplexity="2" nPathComplexity="0" sequenceCoverage="40.00" branchCoverage="0" crapScore="2.86" isConstructor="false" isStatic="false" isGetter="false" isSetter="false">
              <Summary numSequencePoints="5" visitedSequencePoints="2" numBranchPoints="0" visitedBranchPoints="0" sequenceCoverage="40.00" branchCoverage="0" maxCyclomaticComplexity="2" minCyclomaticComplexity="2" maxCrapScore="2.86" minCrapScore="2.86" visitedClasses="0" numClasses="0" visitedMethods="1" numMethods="1" />
              <MetadataToken>100663300</MetadataToken>
              <Name>System.Void BeatScroller::Update()</Name>
              <FileRef uid="2" />
              <SequencePoints>
                <SequencePoint vc="2052" uspid="496" ordinal="0" offset="0" sl="17" sc="5" el="17" ec="5" bec="0" bev="0" fileid="2" />
                <SequencePoint vc="2052" uspid="497" ordinal="0" offset="1" sl="18" sc="9" el="18" ec="9" bec="0" bev="0" fileid="2" />
                <SequencePoint vc="0" uspid="498" ordinal="0" offset="18" sl="18" sc="44" el="18" ec="44" bec="0" bev="0" fileid="2" />
                <SequencePoint vc="0" uspid="499" ordinal="0" offset="20" sl="20" sc="9" el="20" ec="9" bec="0" bev="0" fileid="2" />
                <SequencePoint vc="0" uspid="500" ordinal="0" offset="27" sl="21" sc="5" el="21" ec="5" bec="0" bev="0" fileid="2" />
              </SequencePoints>
              <BranchPoints />
            </Method>
            <Method visited="true" cyclomaticComplexity="1" nPathComplexity="0" sequenceCoverage="100.0" branchCoverage="0" crapScore="1" isConstructor="true" isStatic="false" isGetter="false" isSetter="false">
              <Summary numSequencePoints="2" visitedSequencePoints="2" numBranchPoints="0" visitedBranchPoints="0" sequenceCoverage="100.0" branchCoverage="0" maxCyclomaticComplexity="1" minCyclomaticComplexity="1" maxCrapScore="1" minCrapScore="1" visitedClasses="0" numClasses="0" visitedMethods="1" numMethods="1" />
              <MetadataToken>100663302</MetadataToken>
              <Name>BeatScroller::BeatScroller()</Name>
              <FileRef uid="2" />
              <SequencePoints>
                <SequencePoint vc="2" uspid="504" ordinal="0" offset="0" sl="8" sc="22" el="8" ec="22" bec="0" bev="0" fileid="2" />
                <SequencePoint vc="2" uspid="505" ordinal="0" offset="11" sl="9" sc="22" el="9" ec="22" bec="0" bev="0" fileid="2" />
              </SequencePoints>
              <BranchPoints />
            </Method>
          </Methods>
        </Class>
        <Class>
          <Summary numSequencePoints="32" visitedSequencePoints="10" numBranchPoints="0" visitedBranchPoints="0" sequenceCoverage="31.25" branchCoverage="0.0" maxCyclomaticComplexity="9" minCyclomaticComplexity="1" maxCrapScore="69.86" minCrapScore="1" visitedClasses="1" numClasses="1" visitedMethods="3" numMethods="3" />
          <FullName>CameraBob</FullName>
          <Methods>
            <Method visited="true" cyclomaticComplexity="1" nPathComplexity="0" sequenceCoverage="50.00" branchCoverage="0" crapScore="1.12" isConstructor="false" isStatic="false" isGetter="false" isSetter="false">
              <Summary numSequencePoints="4" visitedSequencePoints="2" numBranchPoints="0" visitedBranchPoints="0" sequenceCoverage="50.00" branchCoverage="0" maxCyclomaticComplexity="1" minCyclomaticComplexity="1" maxCrapScore="1.12" minCrapScore="1.12" visitedClasses="0" numClasses="0" visitedMethods="1" numMethods="1" />
              <MetadataToken>100663304</MetadataToken>
              <Name>System.Void CameraBob::Update()</Name>
              <FileRef uid="3" />
              <SequencePoints>
                <SequencePoint vc="1026" uspid="509" ordinal="0" offset="0" sl="27" sc="5" el="27" ec="5" bec="0" bev="0" fileid="3" />
                <SequencePoint vc="1026" uspid="510" ordinal="0" offset="1" sl="28" sc="9" el="28" ec="9" bec="0" bev="0" fileid="3" />
                <SequencePoint vc="0" uspid="511" ordinal="0" offset="8" sl="29" sc="9" el="29" ec="9" bec="0" bev="0" fileid="3" />
                <SequencePoint vc="0" uspid="512" ordinal="0" offset="15" sl="30" sc="5" el="30" ec="5" bec="0" bev="0" fileid="3" />
              </SequencePoints>
              <BranchPoints />
            </Method>
            <Method visited="true" cyclomaticComplexity="9" nPathComplexity="0" sequenceCoverage="9.09" branchCoverage="0" crapScore="69.86" isConstructor="false" isStatic="false" isGetter="false" isSetter="false">
              <Summary numSequencePoints="22" visitedSequencePoints="2" numBranchPoints="0" visitedBranchPoints="0" sequenceCoverage="9.09" branchCoverage="0" maxCyclomaticComplexity="9" minCyclomaticComplexity="9" maxCrapScore="69.86" minCrapScore="69.86" visitedClasses="0" numClasses="0" visitedMethods="1" numMethods="1" />
              <MetadataToken>100663305</MetadataToken>
              <Name>System.Void CameraBob::LerpToKey()</Name>
              <FileRef uid="3" />
              <SequencePoints>
                <SequencePoint vc="1026" uspid="513" ordinal="0" offset="0" sl="33" sc="5" el="33" ec="5" bec="0" bev="0" fileid="3" />
                <SequencePoint vc="1026" uspid="514" ordinal="0" offset="1" sl="34" sc="9" el="34" ec="9" bec="0" bev="0" fileid="3" />
                <SequencePoint vc="0" uspid="515" ordinal="0" offset="20" sl="35" sc="9" el="35" ec="9" bec="0" bev="0" fileid="3" />
                <SequencePoint vc="0" uspid="516" ordinal="0" offset="21" sl="36" sc="13" el="36" ec="13" bec="0" bev="0" fileid="3" />
                <SequencePoint vc="0" uspid="517" ordinal="0" offset="77" sl="37" sc="9" el="37" ec="9" bec="0" bev="0" fileid="3" />
                <SequencePoint vc="0" uspid="518" ordinal="0" offset="78" sl="39" sc="9" el="39" ec="9" bec="0" bev="0" fileid="3" />
                <SequencePoint vc="0" uspid="519" ordinal="0" offset="97" sl="40" sc="9" el="40" ec="9" bec="0" bev="0" fileid="3" />
                <SequencePoint vc="0" uspid="520" ordinal="0" offset="98" sl="41" sc="13" el="41" ec="13" bec="0" bev="0" fileid="3" />
                <SequencePoint vc="0" uspid="521" ordinal="0" offset="154" sl="42" sc="9" el="42" ec="9" bec="0" bev="0" fileid="3" />
                <SequencePoint vc="0" uspid="522" ordinal="0" offset="155" sl="44" sc="9" el="44" ec="9" bec="0" bev="0" fileid="3" />
                <SequencePoint vc="0" uspid="523" ordinal="0" offset="174" sl="45" sc="9" el="45" ec="9" bec="0" bev="0" fileid="3" />
                <SequencePoint vc="0" uspid="524" ordinal="0" offset="175" sl="46" sc="13" el="46" ec="13" bec="0" bev="0" fileid="3" />
                <SequencePoint vc="0" uspid="525" ordinal="0" offset="231" sl="47" sc="9" el="47" ec="9" bec="0" bev="0" fileid="3" />
                <SequencePoint vc="0" uspid="526" ordinal="0" offset="232" sl="49" sc="9" el="49" ec="9" bec="0" bev="0" fileid="3" />
                <SequencePoint vc="0" uspid="527" ordinal="0" offset="251" sl="50" sc="9" el="50" ec="9" bec="0" bev="0" fileid="3" />
                <SequencePoint vc="0" uspid="528" ordinal="0" offset="252" sl="51" sc="13" el="51" ec="13" bec="0" bev="0" fileid="3" />
                <SequencePoint vc="0" uspid="529" ordinal="0" offset="308" sl="52" sc="9" el="52" ec="9" bec="0" bev="0" fileid="3" />
                <SequencePoint vc="0" uspid="530" ordinal="0" offset="309" sl="54" sc="9" el="54" ec="9" bec="0" bev="0" fileid="3" />
                <SequencePoint vc="0" uspid="531" ordinal="0" offset="387" sl="55" sc="9" el="55" ec="9" bec="0" bev="0" fileid="3" />
                <SequencePoint vc="0" uspid="532" ordinal="0" offset="388" sl="56" sc="13" el="56" ec="13" bec="0" bev="0" fileid="3" />
                <SequencePoint vc="0" uspid="533" ordinal="0" offset="444" sl="57" sc="9" el="57" ec="9" bec="0" bev="0" fileid="3" />
                <SequencePoint vc="0" uspid="534" ordinal="0" offset="445" sl="58" sc="5" el="58" ec="5" bec="0" bev="0" fileid="3" />
              </SequencePoints>
              <BranchPoints />
            </Method>
            <Method visited="true" cyclomaticComplexity="1" nPathComplexity="0" sequenceCoverage="100.0" branchCoverage="0" crapScore="1" isConstructor="true" isStatic="false" isGetter="false" isSetter="false">
              <Summary numSequencePoints="6" visitedSequencePoints="6" numBranchPoints="0" visitedBranchPoints="0" sequenceCoverage="100.0" branchCoverage="0" maxCyclomaticComplexity="1" minCyclomaticComplexity="1" maxCrapScore="1" minCrapScore="1" visitedClasses="0" numClasses="0" visitedMethods="1" numMethods="1" />
              <MetadataToken>100663307</MetadataToken>
              <Name>CameraBob::CameraBob()</Name>
              <FileRef uid="3" />
              <SequencePoints>
                <SequencePoint vc="1" uspid="561" ordinal="0" offset="0" sl="11" sc="22" el="11" ec="22" bec="0" bev="0" fileid="3" />
                <SequencePoint vc="1" uspid="562" ordinal="0" offset="11" sl="15" sc="22" el="15" ec="22" bec="0" bev="0" fileid="3" />
                <SequencePoint vc="1" uspid="563" ordinal="0" offset="22" sl="16" sc="22" el="16" ec="22" bec="0" bev="0" fileid="3" />
                <SequencePoint vc="1" uspid="564" ordinal="0" offset="48" sl="17" sc="22" el="17" ec="22" bec="0" bev="0" fileid="3" />
                <SequencePoint vc="1" uspid="565" ordinal="0" offset="74" sl="18" sc="22" el="18" ec="22" bec="0" bev="0" fileid="3" />
                <SequencePoint vc="1" uspid="566" ordinal="0" offset="100" sl="19" sc="22" el="19" ec="22" bec="0" bev="0" fileid="3" />
              </SequencePoints>
              <BranchPoints />
            </Method>
          </Methods>
        </Class>
        <Class>
          <Summary numSequencePoints="75" visitedSequencePoints="69" numBranchPoints="0" visitedBranchPoints="0" sequenceCoverage="92.00" branchCoverage="0.0" maxCyclomaticComplexity="6" minCyclomaticComplexity="1" maxCrapScore="6.17" minCrapScore="1" visitedClasses="1" numClasses="1" visitedMethods="7" numMethods="7" />
          <FullName>GameManager</FullName>
          <Methods>
            <Method visited="true" cyclomaticComplexity="5" nPathComplexity="0" sequenceCoverage="78.95" branchCoverage="0" crapScore="5.23" isConstructor="false" isStatic="false" isGetter="false" isSetter="false">
              <Summary numSequencePoints="19" visitedSequencePoints="15" numBranchPoints="0" visitedBranchPoints="0" sequenceCoverage="78.95" branchCoverage="0" maxCyclomaticComplexity="5" minCyclomaticComplexity="5" maxCrapScore="5.23" minCrapScore="5.23" visitedClasses="0" numClasses="0" visitedMethods="1" numMethods="1" />
              <MetadataToken>100663309</MetadataToken>
              <Name>System.Void GameManager::Update()</Name>
              <FileRef uid="4" />
              <SequencePoints>
                <SequencePoint vc="1026" uspid="576" ordinal="0" offset="0" sl="72" sc="5" el="72" ec="5" bec="0" bev="0" fileid="4" />
                <SequencePoint vc="1026" uspid="577" ordinal="0" offset="1" sl="73" sc="9" el="73" ec="9" bec="0" bev="0" fileid="4" />
                <SequencePoint vc="0" uspid="578" ordinal="0" offset="17" sl="73" sc="35" el="73" ec="35" bec="0" bev="0" fileid="4" />
                <SequencePoint vc="1026" uspid="579" ordinal="0" offset="22" sl="74" sc="9" el="74" ec="9" bec="0" bev="0" fileid="4" />
                <SequencePoint vc="0" uspid="580" ordinal="0" offset="38" sl="74" sc="34" el="74" ec="34" bec="0" bev="0" fileid="4" />
                <SequencePoint vc="1026" uspid="581" ordinal="0" offset="43" sl="76" sc="9" el="76" ec="9" bec="0" bev="0" fileid="4" />
                <SequencePoint vc="1026" uspid="582" ordinal="0" offset="70" sl="77" sc="9" el="77" ec="9" bec="0" bev="0" fileid="4" />
                <SequencePoint vc="1026" uspid="583" ordinal="0" offset="71" sl="78" sc="13" el="78" ec="13" bec="0" bev="0" fileid="4" />
                <SequencePoint vc="1026" uspid="584" ordinal="0" offset="78" sl="80" sc="13" el="80" ec="13" bec="0" bev="0" fileid="4" />
                <SequencePoint vc="3" uspid="585" ordinal="0" offset="91" sl="81" sc="13" el="81" ec="13" bec="0" bev="0" fileid="4" />
                <SequencePoint vc="3" uspid="586" ordinal="0" offset="92" sl="82" sc="17" el="82" ec="17" bec="0" bev="0" fileid="4" />
                <SequencePoint vc="3" uspid="587" ordinal="0" offset="99" sl="83" sc="17" el="83" ec="17" bec="0" bev="0" fileid="4" />
                <SequencePoint vc="0" uspid="588" ordinal="0" offset="130" sl="84" sc="17" el="84" ec="17" bec="0" bev="0" fileid="4" />
                <SequencePoint vc="0" uspid="589" ordinal="0" offset="151" sl="85" sc="13" el="85" ec="13" bec="0" bev="0" fileid="4" />
                <SequencePoint vc="1023" uspid="590" ordinal="0" offset="152" sl="86" sc="9" el="86" ec="9" bec="0" bev="0" fileid="4" />
                <SequencePoint vc="1023" uspid="591" ordinal="0" offset="153" sl="88" sc="9" el="88" ec="9" bec="0" bev="0" fileid="4" />
                <SequencePoint vc="1023" uspid="592" ordinal="0" offset="160" sl="89" sc="9" el="89" ec="9" bec="0" bev="0" fileid="4" />
                <SequencePoint vc="1023" uspid="593" ordinal="0" offset="167" sl="90" sc="9" el="90" ec="9" bec="0" bev="0" fileid="4" />
                <SequencePoint vc="1023" uspid="594" ordinal="0" offset="174" sl="91" sc="5" el="91" ec="5" bec="0" bev="0" fileid="4" />
              </SequencePoints>
              <BranchPoints />
            </Method>
            <Method visited="true" cyclomaticComplexity="6" nPathComplexity="0" sequenceCoverage="83.33" branchCoverage="0" crapScore="6.17" isConstructor="false" isStatic="false" isGetter="false" isSetter="false">
              <Summary numSequencePoints="6" visitedSequencePoints="5" numBranchPoints="0" visitedBranchPoints="0" sequenceCoverage="83.33" branchCoverage="0" maxCyclomaticComplexity="6" minCyclomaticComplexity="6" maxCrapScore="6.17" minCrapScore="6.17" visitedClasses="0" numClasses="0" visitedMethods="1" numMethods="1" />
              <MetadataToken>100663310</MetadataToken>
              <Name>System.Void GameManager::CheckForPauseInput()</Name>
              <FileRef uid="4" />
              <SequencePoints>
                <SequencePoint vc="1026" uspid="595" ordinal="0" offset="0" sl="94" sc="5" el="94" ec="5" bec="0" bev="0" fileid="4" />
                <SequencePoint vc="1026" uspid="596" ordinal="0" offset="1" sl="95" sc="9" el="95" ec="9" bec="0" bev="0" fileid="4" />
                <SequencePoint vc="0" uspid="597" ordinal="0" offset="26" sl="95" sc="62" el="95" ec="62" bec="0" bev="0" fileid="4" />
                <SequencePoint vc="1026" uspid="598" ordinal="0" offset="35" sl="96" sc="14" el="96" ec="14" bec="0" bev="0" fileid="4" />
                <SequencePoint vc="1" uspid="599" ordinal="0" offset="57" sl="96" sc="66" el="96" ec="66" bec="0" bev="0" fileid="4" />
                <SequencePoint vc="1026" uspid="600" ordinal="0" offset="64" sl="97" sc="5" el="97" ec="5" bec="0" bev="0" fileid="4" />
              </SequencePoints>
              <BranchPoints />
            </Method>
            <Method visited="true" cyclomaticComplexity="6" nPathComplexity="0" sequenceCoverage="95.83" branchCoverage="0" crapScore="6.00" isConstructor="false" isStatic="false" isGetter="false" isSetter="false">
              <Summary numSequencePoints="24" visitedSequencePoints="23" numBranchPoints="0" visitedBranchPoints="0" sequenceCoverage="95.83" branchCoverage="0" maxCyclomaticComplexity="6" minCyclomaticComplexity="6" maxCrapScore="6.00" minCrapScore="6.00" visitedClasses="0" numClasses="0" visitedMethods="1" numMethods="1" />
              <MetadataToken>100663312</MetadataToken>
              <Name>System.Void GameManager::ReleaseAnimationStates()</Name>
              <FileRef uid="4" />
              <SequencePoints>
                <SequencePoint vc="1023" uspid="609" ordinal="0" offset="0" sl="110" sc="5" el="110" ec="5" bec="0" bev="0" fileid="4" />
                <SequencePoint vc="1023" uspid="610" ordinal="0" offset="1" sl="113" sc="9" el="113" ec="9" bec="0" bev="0" fileid="4" />
                <SequencePoint vc="0" uspid="611" ordinal="0" offset="28" sl="113" sc="59" el="113" ec="59" bec="0" bev="0" fileid="4" />
                <SequencePoint vc="1023" uspid="612" ordinal="0" offset="33" sl="115" sc="9" el="115" ec="9" bec="0" bev="0" fileid="4" />
                <SequencePoint vc="1023" uspid="613" ordinal="0" offset="51" sl="116" sc="9" el="116" ec="9" bec="0" bev="0" fileid="4" />
                <SequencePoint vc="1023" uspid="614" ordinal="0" offset="52" sl="117" sc="13" el="117" ec="13" bec="0" bev="0" fileid="4" />
                <SequencePoint vc="1023" uspid="615" ordinal="0" offset="70" sl="118" sc="13" el="118" ec="13" bec="0" bev="0" fileid="4" />
                <SequencePoint vc="1023" uspid="616" ordinal="0" offset="88" sl="119" sc="9" el="119" ec="9" bec="0" bev="0" fileid="4" />
                <SequencePoint vc="1023" uspid="617" ordinal="0" offset="89" sl="120" sc="9" el="120" ec="9" bec="0" bev="0" fileid="4" />
                <SequencePoint vc="1023" uspid="618" ordinal="0" offset="107" sl="121" sc="9" el="121" ec="9" bec="0" bev="0" fileid="4" />
                <SequencePoint vc="1023" uspid="619" ordinal="0" offset="108" sl="122" sc="13" el="122" ec="13" bec="0" bev="0" fileid="4" />
                <SequencePoint vc="1023" uspid="620" ordinal="0" offset="126" sl="123" sc="13" el="123" ec="13" bec="0" bev="0" fileid="4" />
                <SequencePoint vc="1023" uspid="621" ordinal="0" offset="144" sl="124" sc="9" el="124" ec="9" bec="0" bev="0" fileid="4" />
                <SequencePoint vc="1023" uspid="622" ordinal="0" offset="145" sl="125" sc="9" el="125" ec="9" bec="0" bev="0" fileid="4" />
                <SequencePoint vc="1001" uspid="623" ordinal="0" offset="165" sl="126" sc="9" el="126" ec="9" bec="0" bev="0" fileid="4" />
                <SequencePoint vc="1001" uspid="624" ordinal="0" offset="166" sl="127" sc="13" el="127" ec="13" bec="0" bev="0" fileid="4" />
                <SequencePoint vc="1001" uspid="625" ordinal="0" offset="184" sl="128" sc="13" el="128" ec="13" bec="0" bev="0" fileid="4" />
                <SequencePoint vc="1001" uspid="626" ordinal="0" offset="202" sl="129" sc="9" el="129" ec="9" bec="0" bev="0" fileid="4" />
                <SequencePoint vc="1023" uspid="627" ordinal="0" offset="203" sl="130" sc="9" el="130" ec="9" bec="0" bev="0" fileid="4" />
                <SequencePoint vc="1023" uspid="628" ordinal="0" offset="223" sl="131" sc="9" el="131" ec="9" bec="0" bev="0" fileid="4" />
                <SequencePoint vc="1023" uspid="629" ordinal="0" offset="224" sl="132" sc="13" el="132" ec="13" bec="0" bev="0" fileid="4" />
                <SequencePoint vc="1023" uspid="630" ordinal="0" offset="242" sl="133" sc="13" el="133" ec="13" bec="0" bev="0" fileid="4" />
                <SequencePoint vc="1023" uspid="631" ordinal="0" offset="260" sl="134" sc="9" el="134" ec="9" bec="0" bev="0" fileid="4" />
                <SequencePoint vc="1023" uspid="632" ordinal="0" offset="261" sl="137" sc="5" el="137" ec="5" bec="0" bev="0" fileid="4" />
              </SequencePoints>
              <BranchPoints />
            </Method>
            <Method visited="true" cyclomaticComplexity="1" nPathComplexity="0" sequenceCoverage="100.0" branchCoverage="0" crapScore="1" isConstructor="false" isStatic="false" isGetter="false" isSetter="false">
              <Summary numSequencePoints="8" visitedSequencePoints="8" numBranchPoints="0" visitedBranchPoints="0" sequenceCoverage="100.0" branchCoverage="0" maxCyclomaticComplexity="1" minCyclomaticComplexity="1" maxCrapScore="1" minCrapScore="1" visitedClasses="0" numClasses="0" visitedMethods="1" numMethods="1" />
              <MetadataToken>100663313</MetadataToken>
              <Name>System.Void GameManager::UnPauseGame()</Name>
              <FileRef uid="4" />
              <SequencePoints>
                <SequencePoint vc="1" uspid="633" ordinal="0" offset="0" sl="140" sc="5" el="140" ec="5" bec="0" bev="0" fileid="4" />
                <SequencePoint vc="1" uspid="634" ordinal="0" offset="1" sl="141" sc="9" el="141" ec="9" bec="0" bev="0" fileid="4" />
                <SequencePoint vc="1" uspid="635" ordinal="0" offset="8" sl="142" sc="9" el="142" ec="9" bec="0" bev="0" fileid="4" />
                <SequencePoint vc="1" uspid="636" ordinal="0" offset="15" sl="143" sc="9" el="143" ec="9" bec="0" bev="0" fileid="4" />
                <SequencePoint vc="1" uspid="637" ordinal="0" offset="26" sl="144" sc="9" el="144" ec="9" bec="0" bev="0" fileid="4" />
                <SequencePoint vc="1" uspid="638" ordinal="0" offset="42" sl="145" sc="9" el="145" ec="9" bec="0" bev="0" fileid="4" />
                <SequencePoint vc="1" uspid="639" ordinal="0" offset="49" sl="146" sc="9" el="146" ec="9" bec="0" bev="0" fileid="4" />
                <SequencePoint vc="1" uspid="640" ordinal="0" offset="67" sl="147" sc="5" el="147" ec="5" bec="0" bev="0" fileid="4" />
              </SequencePoints>
              <BranchPoints />
            </Method>
            <Method visited="true" cyclomaticComplexity="1" nPathComplexity="0" sequenceCoverage="100.0" branchCoverage="0" crapScore="1" isConstructor="false" isStatic="false" isGetter="false" isSetter="false">
              <Summary numSequencePoints="4" visitedSequencePoints="4" numBranchPoints="0" visitedBranchPoints="0" sequenceCoverage="100.0" branchCoverage="0" maxCyclomaticComplexity="1" minCyclomaticComplexity="1" maxCrapScore="1" minCrapScore="1" visitedClasses="0" numClasses="0" visitedMethods="1" numMethods="1" />
              <MetadataToken>100663317</MetadataToken>
              <Name>System.Void GameManager::HealthSlider()</Name>
              <FileRef uid="4" />
              <SequencePoints>
                <SequencePoint vc="1023" uspid="656" ordinal="0" offset="0" sl="174" sc="5" el="174" ec="5" bec="0" bev="0" fileid="4" />
                <SequencePoint vc="1023" uspid="657" ordinal="0" offset="1" sl="175" sc="9" el="175" ec="9" bec="0" bev="0" fileid="4" />
                <SequencePoint vc="1023" uspid="658" ordinal="0" offset="21" sl="176" sc="9" el="176" ec="9" bec="0" bev="0" fileid="4" />
                <SequencePoint vc="1023" uspid="659" ordinal="0" offset="68" sl="177" sc="5" el="177" ec="5" bec="0" bev="0" fileid="4" />
              </SequencePoints>
              <BranchPoints />
            </Method>
            <Method visited="true" cyclomaticComplexity="1" nPathComplexity="0" sequenceCoverage="100.0" branchCoverage="0" crapScore="1" isConstructor="false" isStatic="false" isGetter="false" isSetter="false">
              <Summary numSequencePoints="4" visitedSequencePoints="4" numBranchPoints="0" visitedBranchPoints="0" sequenceCoverage="100.0" branchCoverage="0" maxCyclomaticComplexity="1" minCyclomaticComplexity="1" maxCrapScore="1" minCrapScore="1" visitedClasses="0" numClasses="0" visitedMethods="1" numMethods="1" />
              <MetadataToken>100663318</MetadataToken>
              <Name>System.Void GameManager::ScoreText()</Name>
              <FileRef uid="4" />
              <SequencePoints>
                <SequencePoint vc="1023" uspid="660" ordinal="0" offset="0" sl="180" sc="5" el="180" ec="5" bec="0" bev="0" fileid="4" />
                <SequencePoint vc="1023" uspid="661" ordinal="0" offset="1" sl="181" sc="9" el="181" ec="9" bec="0" bev="0" fileid="4" />
                <SequencePoint vc="1023" uspid="662" ordinal="0" offset="25" sl="182" sc="9" el="182" ec="9" bec="0" bev="0" fileid="4" />
                <SequencePoint vc="1023" uspid="663" ordinal="0" offset="58" sl="183" sc="5" el="183" ec="5" bec="0" bev="0" fileid="4" />
              </SequencePoints>
              <BranchPoints />
            </Method>
            <Method visited="true" cyclomaticComplexity="1" nPathComplexity="0" sequenceCoverage="100.0" branchCoverage="0" crapScore="1" isConstructor="true" isStatic="false" isGetter="false" isSetter="false">
              <Summary numSequencePoints="10" visitedSequencePoints="10" numBranchPoints="0" visitedBranchPoints="0" sequenceCoverage="100.0" branchCoverage="0" maxCyclomaticComplexity="1" minCyclomaticComplexity="1" maxCrapScore="1" minCrapScore="1" visitedClasses="0" numClasses="0" visitedMethods="1" numMethods="1" />
              <MetadataToken>100663319</MetadataToken>
              <Name>GameManager::GameManager()</Name>
              <FileRef uid="4" />
              <SequencePoints>
                <SequencePoint vc="1" uspid="664" ordinal="0" offset="0" sl="11" sc="22" el="11" ec="22" bec="0" bev="0" fileid="4" />
                <SequencePoint vc="1" uspid="665" ordinal="0" offset="11" sl="35" sc="22" el="35" ec="22" bec="0" bev="0" fileid="4" />
                <SequencePoint vc="1" uspid="666" ordinal="0" offset="18" sl="36" sc="22" el="36" ec="22" bec="0" bev="0" fileid="4" />
                <SequencePoint vc="1" uspid="667" ordinal="0" offset="25" sl="37" sc="22" el="37" ec="22" bec="0" bev="0" fileid="4" />
                <SequencePoint vc="1" uspid="668" ordinal="0" offset="32" sl="38" sc="22" el="38" ec="22" bec="0" bev="0" fileid="4" />
                <SequencePoint vc="1" uspid="669" ordinal="0" offset="40" sl="42" sc="22" el="42" ec="22" bec="0" bev="0" fileid="4" />
                <SequencePoint vc="1" uspid="670" ordinal="0" offset="48" sl="43" sc="22" el="43" ec="22" bec="0" bev="0" fileid="4" />
                <SequencePoint vc="1" uspid="671" ordinal="0" offset="56" sl="44" sc="22" el="44" ec="22" bec="0" bev="0" fileid="4" />
                <SequencePoint vc="1" uspid="672" ordinal="0" offset="64" sl="45" sc="22" el="45" ec="22" bec="0" bev="0" fileid="4" />
                <SequencePoint vc="1" uspid="673" ordinal="0" offset="72" sl="50" sc="22" el="50" ec="22" bec="0" bev="0" fileid="4" />
              </SequencePoints>
              <BranchPoints />
            </Method>
          </Methods>
        </Class>
        <Class>
          <Summary numSequencePoints="12" visitedSequencePoints="9" numBranchPoints="0" visitedBranchPoints="0" sequenceCoverage="75.00" branchCoverage="0.0" maxCyclomaticComplexity="2" minCyclomaticComplexity="2" maxCrapScore="2.50" minCrapScore="2" visitedClasses="1" numClasses="1" visitedMethods="2" numMethods="2" />
          <FullName>NoteCuller</FullName>
          <Methods>
            <Method visited="true" cyclomaticComplexity="2" nPathComplexity="0" sequenceCoverage="50.00" branchCoverage="0" crapScore="2.50" isConstructor="false" isStatic="false" isGetter="false" isSetter="false">
              <Summary numSequencePoints="6" visitedSequencePoints="3" numBranchPoints="0" visitedBranchPoints="0" sequenceCoverage="50.00" branchCoverage="0" maxCyclomaticComplexity="2" minCyclomaticComplexity="2" maxCrapScore="2.50" minCrapScore="2.50" visitedClasses="0" numClasses="0" visitedMethods="1" numMethods="1" />
              <MetadataToken>100663343</MetadataToken>
              <Name>System.Void NoteCuller::OnTriggerEnter2D(UnityEngine.Collider2D)</Name>
              <FileRef uid="7" />
              <SequencePoints>
                <SequencePoint vc="1" uspid="724" ordinal="0" offset="0" sl="20" sc="5" el="20" ec="5" bec="0" bev="0" fileid="7" />
                <SequencePoint vc="1" uspid="725" ordinal="0" offset="1" sl="21" sc="9" el="21" ec="9" bec="0" bev="0" fileid="7" />
                <SequencePoint vc="0" uspid="726" ordinal="0" offset="21" sl="22" sc="9" el="22" ec="9" bec="0" bev="0" fileid="7" />
                <SequencePoint vc="0" uspid="727" ordinal="0" offset="22" sl="23" sc="13" el="23" ec="13" bec="0" bev="0" fileid="7" />
                <SequencePoint vc="0" uspid="728" ordinal="0" offset="35" sl="24" sc="9" el="24" ec="9" bec="0" bev="0" fileid="7" />
                <SequencePoint vc="1" uspid="729" ordinal="0" offset="36" sl="25" sc="5" el="25" ec="5" bec="0" bev="0" fileid="7" />
              </SequencePoints>
              <BranchPoints />
            </Method>
            <Method visited="true" cyclomaticComplexity="2" nPathComplexity="0" sequenceCoverage="100.0" branchCoverage="0" crapScore="2" isConstructor="false" isStatic="false" isGetter="false" isSetter="false">
              <Summary numSequencePoints="6" visitedSequencePoints="6" numBranchPoints="0" visitedBranchPoints="0" sequenceCoverage="100.0" branchCoverage="0" maxCyclomaticComplexity="2" minCyclomaticComplexity="2" maxCrapScore="2" minCrapScore="2" visitedClasses="0" numClasses="0" visitedMethods="1" numMethods="1" />
              <MetadataToken>100663344</MetadataToken>
              <Name>System.Void NoteCuller::OnTriggerExit2D(UnityEngine.Collider2D)</Name>
              <FileRef uid="7" />
              <SequencePoints>
                <SequencePoint vc="16" uspid="730" ordinal="0" offset="0" sl="28" sc="5" el="28" ec="5" bec="0" bev="0" fileid="7" />
                <SequencePoint vc="16" uspid="731" ordinal="0" offset="1" sl="29" sc="9" el="29" ec="9" bec="0" bev="0" fileid="7" />
                <SequencePoint vc="8" uspid="732" ordinal="0" offset="21" sl="30" sc="9" el="30" ec="9" bec="0" bev="0" fileid="7" />
                <SequencePoint vc="8" uspid="733" ordinal="0" offset="22" sl="31" sc="13" el="31" ec="13" bec="0" bev="0" fileid="7" />
                <SequencePoint vc="8" uspid="734" ordinal="0" offset="35" sl="32" sc="9" el="32" ec="9" bec="0" bev="0" fileid="7" />
                <SequencePoint vc="16" uspid="735" ordinal="0" offset="36" sl="33" sc="5" el="33" ec="5" bec="0" bev="0" fileid="7" />
              </SequencePoints>
              <BranchPoints />
            </Method>
          </Methods>
        </Class>
        <Class>
          <Summary numSequencePoints="201" visitedSequencePoints="62" numBranchPoints="0" visitedBranchPoints="0" sequenceCoverage="30.85" branchCoverage="0.0" maxCyclomaticComplexity="85" minCyclomaticComplexity="1" maxCrapScore="4109.58" minCrapScore="1" visitedClasses="1" numClasses="1" visitedMethods="5" numMethods="5" />
          <FullName>NoteLogic</FullName>
          <Methods>
            <Method visited="true" cyclomaticComplexity="1" nPathComplexity="0" sequenceCoverage="100.0" branchCoverage="0" crapScore="1" isConstructor="false" isStatic="false" isGetter="false" isSetter="false">
              <Summary numSequencePoints="3" visitedSequencePoints="3" numBranchPoints="0" visitedBranchPoints="0" sequenceCoverage="100.0" branchCoverage="0" maxCyclomaticComplexity="1" minCyclomaticComplexity="1" maxCrapScore="1" minCrapScore="1" visitedClasses="0" numClasses="0" visitedMethods="1" numMethods="1" />
              <MetadataToken>100663346</MetadataToken>
              <Name>System.Void NoteLogic::Update()</Name>
              <FileRef uid="8" />
              <SequencePoints>
                <SequencePoint vc="8208" uspid="736" ordinal="0" offset="0" sl="31" sc="5" el="31" ec="5" bec="0" bev="0" fileid="8" />
                <SequencePoint vc="8208" uspid="737" ordinal="0" offset="1" sl="32" sc="9" el="32" ec="9" bec="0" bev="0" fileid="8" />
                <SequencePoint vc="5130" uspid="738" ordinal="0" offset="8" sl="33" sc="5" el="33" ec="5" bec="0" bev="0" fileid="8" />
              </SequencePoints>
              <BranchPoints />
            </Method>
            <Method visited="true" cyclomaticComplexity="85" nPathComplexity="0" sequenceCoverage="17.72" branchCoverage="0" crapScore="4109.58" isConstructor="false" isStatic="false" isGetter="false" isSetter="false">
              <Summary numSequencePoints="158" visitedSequencePoints="28" numBranchPoints="0" visitedBranchPoints="0" sequenceCoverage="17.72" branchCoverage="0" maxCyclomaticComplexity="85" minCyclomaticComplexity="85" maxCrapScore="4109.58" minCrapScore="4109.58" visitedClasses="0" numClasses="0" visitedMethods="1" numMethods="1" />
              <MetadataToken>100663347</MetadataToken>
              <Name>System.Void NoteLogic::CheckForInput()</Name>
              <FileRef uid="8" />
              <SequencePoints>
                <SequencePoint vc="8208" uspid="739" ordinal="0" offset="0" sl="36" sc="5" el="36" ec="5" bec="0" bev="0" fileid="8" />
                <SequencePoint vc="8208" uspid="740" ordinal="0" offset="1" sl="40" sc="9" el="40" ec="9" bec="0" bev="0" fileid="8" />
                <SequencePoint vc="1026" uspid="741" ordinal="0" offset="14" sl="41" sc="9" el="41" ec="9" bec="0" bev="0" fileid="8" />
                <SequencePoint vc="1026" uspid="742" ordinal="0" offset="15" sl="42" sc="13" el="42" ec="13" bec="0" bev="0" fileid="8" />
                <SequencePoint vc="0" uspid="743" ordinal="0" offset="72" sl="43" sc="13" el="43" ec="13" bec="0" bev="0" fileid="8" />
                <SequencePoint vc="0" uspid="744" ordinal="0" offset="73" sl="44" sc="17" el="44" ec="17" bec="0" bev="0" fileid="8" />
                <SequencePoint vc="0" uspid="745" ordinal="0" offset="95" sl="45" sc="17" el="45" ec="17" bec="0" bev="0" fileid="8" />
                <SequencePoint vc="0" uspid="746" ordinal="0" offset="117" sl="46" sc="17" el="46" ec="17" bec="0" bev="0" fileid="8" />
                <SequencePoint vc="0" uspid="747" ordinal="0" offset="144" sl="47" sc="17" el="47" ec="17" bec="0" bev="0" fileid="8" />
                <SequencePoint vc="0" uspid="748" ordinal="0" offset="173" sl="48" sc="17" el="48" ec="17" bec="0" bev="0" fileid="8" />
                <SequencePoint vc="0" uspid="749" ordinal="0" offset="186" sl="49" sc="17" el="49" ec="17" bec="0" bev="0" fileid="8" />
                <SequencePoint vc="0" uspid="750" ordinal="0" offset="219" sl="50" sc="13" el="50" ec="13" bec="0" bev="0" fileid="8" />
                <SequencePoint vc="1026" uspid="751" ordinal="0" offset="225" sl="51" sc="18" el="51" ec="18" bec="0" bev="0" fileid="8" />
                <SequencePoint vc="0" uspid="752" ordinal="0" offset="282" sl="52" sc="13" el="52" ec="13" bec="0" bev="0" fileid="8" />
                <SequencePoint vc="0" uspid="753" ordinal="0" offset="283" sl="53" sc="17" el="53" ec="17" bec="0" bev="0" fileid="8" />
                <SequencePoint vc="0" uspid="754" ordinal="0" offset="305" sl="54" sc="17" el="54" ec="17" bec="0" bev="0" fileid="8" />
                <SequencePoint vc="0" uspid="755" ordinal="0" offset="327" sl="55" sc="17" el="55" ec="17" bec="0" bev="0" fileid="8" />
                <SequencePoint vc="0" uspid="756" ordinal="0" offset="354" sl="56" sc="17" el="56" ec="17" bec="0" bev="0" fileid="8" />
                <SequencePoint vc="0" uspid="757" ordinal="0" offset="383" sl="57" sc="17" el="57" ec="17" bec="0" bev="0" fileid="8" />
                <SequencePoint vc="0" uspid="758" ordinal="0" offset="396" sl="58" sc="17" el="58" ec="17" bec="0" bev="0" fileid="8" />
                <SequencePoint vc="0" uspid="759" ordinal="0" offset="429" sl="59" sc="13" el="59" ec="13" bec="0" bev="0" fileid="8" />
                <SequencePoint vc="1026" uspid="760" ordinal="0" offset="435" sl="60" sc="18" el="60" ec="18" bec="0" bev="0" fileid="8" />
                <SequencePoint vc="0" uspid="761" ordinal="0" offset="492" sl="61" sc="13" el="61" ec="13" bec="0" bev="0" fileid="8" />
                <SequencePoint vc="0" uspid="762" ordinal="0" offset="493" sl="62" sc="17" el="62" ec="17" bec="0" bev="0" fileid="8" />
                <SequencePoint vc="0" uspid="763" ordinal="0" offset="515" sl="63" sc="17" el="63" ec="17" bec="0" bev="0" fileid="8" />
                <SequencePoint vc="0" uspid="764" ordinal="0" offset="537" sl="64" sc="17" el="64" ec="17" bec="0" bev="0" fileid="8" />
                <SequencePoint vc="0" uspid="765" ordinal="0" offset="564" sl="65" sc="17" el="65" ec="17" bec="0" bev="0" fileid="8" />
                <SequencePoint vc="0" uspid="766" ordinal="0" offset="593" sl="66" sc="17" el="66" ec="17" bec="0" bev="0" fileid="8" />
                <SequencePoint vc="0" uspid="767" ordinal="0" offset="606" sl="67" sc="17" el="67" ec="17" bec="0" bev="0" fileid="8" />
                <SequencePoint vc="0" uspid="768" ordinal="0" offset="639" sl="68" sc="13" el="68" ec="13" bec="0" bev="0" fileid="8" />
                <SequencePoint vc="1026" uspid="769" ordinal="0" offset="645" sl="69" sc="18" el="69" ec="18" bec="0" bev="0" fileid="8" />
                <SequencePoint vc="0" uspid="770" ordinal="0" offset="704" sl="70" sc="13" el="70" ec="13" bec="0" bev="0" fileid="8" />
                <SequencePoint vc="0" uspid="771" ordinal="0" offset="705" sl="71" sc="17" el="71" ec="17" bec="0" bev="0" fileid="8" />
                <SequencePoint vc="0" uspid="772" ordinal="0" offset="727" sl="72" sc="17" el="72" ec="17" bec="0" bev="0" fileid="8" />
                <SequencePoint vc="0" uspid="773" ordinal="0" offset="749" sl="73" sc="17" el="73" ec="17" bec="0" bev="0" fileid="8" />
                <SequencePoint vc="0" uspid="774" ordinal="0" offset="776" sl="74" sc="17" el="74" ec="17" bec="0" bev="0" fileid="8" />
                <SequencePoint vc="0" uspid="775" ordinal="0" offset="805" sl="75" sc="17" el="75" ec="17" bec="0" bev="0" fileid="8" />
                <SequencePoint vc="0" uspid="776" ordinal="0" offset="818" sl="76" sc="17" el="76" ec="17" bec="0" bev="0" fileid="8" />
                <SequencePoint vc="0" uspid="777" ordinal="0" offset="851" sl="77" sc="13" el="77" ec="13" bec="0" bev="0" fileid="8" />
                <SequencePoint vc="1026" uspid="778" ordinal="0" offset="852" sl="78" sc="9" el="78" ec="9" bec="0" bev="0" fileid="8" />
                <SequencePoint vc="8208" uspid="779" ordinal="0" offset="853" sl="84" sc="9" el="84" ec="9" bec="0" bev="0" fileid="8" />
                <SequencePoint vc="2052" uspid="780" ordinal="0" offset="868" sl="85" sc="9" el="85" ec="9" bec="0" bev="0" fileid="8" />
                <SequencePoint vc="2052" uspid="781" ordinal="0" offset="869" sl="86" sc="13" el="86" ec="13" bec="0" bev="0" fileid="8" />
                <SequencePoint vc="0" uspid="782" ordinal="0" offset="928" sl="87" sc="13" el="87" ec="13" bec="0" bev="0" fileid="8" />
                <SequencePoint vc="0" uspid="783" ordinal="0" offset="929" sl="88" sc="17" el="88" ec="17" bec="0" bev="0" fileid="8" />
                <SequencePoint vc="0" uspid="784" ordinal="0" offset="951" sl="89" sc="17" el="89" ec="17" bec="0" bev="0" fileid="8" />
                <SequencePoint vc="0" uspid="785" ordinal="0" offset="973" sl="90" sc="17" el="90" ec="17" bec="0" bev="0" fileid="8" />
                <SequencePoint vc="0" uspid="786" ordinal="0" offset="1000" sl="91" sc="17" el="91" ec="17" bec="0" bev="0" fileid="8" />
                <SequencePoint vc="0" uspid="787" ordinal="0" offset="1029" sl="92" sc="17" el="92" ec="17" bec="0" bev="0" fileid="8" />
                <SequencePoint vc="0" uspid="788" ordinal="0" offset="1042" sl="93" sc="17" el="93" ec="17" bec="0" bev="0" fileid="8" />
                <SequencePoint vc="0" uspid="789" ordinal="0" offset="1075" sl="94" sc="13" el="94" ec="13" bec="0" bev="0" fileid="8" />
                <SequencePoint vc="1026" uspid="790" ordinal="0" offset="1081" sl="95" sc="18" el="95" ec="18" bec="0" bev="0" fileid="8" />
                <SequencePoint vc="0" uspid="791" ordinal="0" offset="1140" sl="96" sc="13" el="96" ec="13" bec="0" bev="0" fileid="8" />
                <SequencePoint vc="0" uspid="792" ordinal="0" offset="1141" sl="97" sc="17" el="97" ec="17" bec="0" bev="0" fileid="8" />
                <SequencePoint vc="0" uspid="793" ordinal="0" offset="1163" sl="98" sc="17" el="98" ec="17" bec="0" bev="0" fileid="8" />
                <SequencePoint vc="0" uspid="794" ordinal="0" offset="1185" sl="99" sc="17" el="99" ec="17" bec="0" bev="0" fileid="8" />
                <SequencePoint vc="0" uspid="795" ordinal="0" offset="1212" sl="100" sc="17" el="100" ec="17" bec="0" bev="0" fileid="8" />
                <SequencePoint vc="0" uspid="796" ordinal="0" offset="1241" sl="101" sc="17" el="101" ec="17" bec="0" bev="0" fileid="8" />
                <SequencePoint vc="0" uspid="797" ordinal="0" offset="1254" sl="102" sc="17" el="102" ec="17" bec="0" bev="0" fileid="8" />
                <SequencePoint vc="0" uspid="798" ordinal="0" offset="1287" sl="103" sc="13" el="103" ec="13" bec="0" bev="0" fileid="8" />
                <SequencePoint vc="214" uspid="799" ordinal="0" offset="1293" sl="104" sc="18" el="104" ec="18" bec="0" bev="0" fileid="8" />
                <SequencePoint vc="0" uspid="800" ordinal="0" offset="1352" sl="105" sc="13" el="105" ec="13" bec="0" bev="0" fileid="8" />
                <SequencePoint vc="0" uspid="801" ordinal="0" offset="1353" sl="106" sc="17" el="106" ec="17" bec="0" bev="0" fileid="8" />
                <SequencePoint vc="0" uspid="802" ordinal="0" offset="1375" sl="107" sc="17" el="107" ec="17" bec="0" bev="0" fileid="8" />
                <SequencePoint vc="0" uspid="803" ordinal="0" offset="1397" sl="108" sc="17" el="108" ec="17" bec="0" bev="0" fileid="8" />
                <SequencePoint vc="0" uspid="804" ordinal="0" offset="1424" sl="109" sc="17" el="109" ec="17" bec="0" bev="0" fileid="8" />
                <SequencePoint vc="0" uspid="805" ordinal="0" offset="1453" sl="110" sc="17" el="110" ec="17" bec="0" bev="0" fileid="8" />
                <SequencePoint vc="0" uspid="806" ordinal="0" offset="1466" sl="111" sc="17" el="111" ec="17" bec="0" bev="0" fileid="8" />
                <SequencePoint vc="0" uspid="807" ordinal="0" offset="1499" sl="112" sc="13" el="112" ec="13" bec="0" bev="0" fileid="8" />
                <SequencePoint vc="0" uspid="808" ordinal="0" offset="1505" sl="113" sc="18" el="113" ec="18" bec="0" bev="0" fileid="8" />
                <SequencePoint vc="0" uspid="809" ordinal="0" offset="1564" sl="114" sc="13" el="114" ec="13" bec="0" bev="0" fileid="8" />
                <SequencePoint vc="0" uspid="810" ordinal="0" offset="1565" sl="115" sc="17" el="115" ec="17" bec="0" bev="0" fileid="8" />
                <SequencePoint vc="0" uspid="811" ordinal="0" offset="1587" sl="116" sc="17" el="116" ec="17" bec="0" bev="0" fileid="8" />
                <SequencePoint vc="0" uspid="812" ordinal="0" offset="1609" sl="117" sc="17" el="117" ec="17" bec="0" bev="0" fileid="8" />
                <SequencePoint vc="0" uspid="813" ordinal="0" offset="1636" sl="118" sc="17" el="118" ec="17" bec="0" bev="0" fileid="8" />
                <SequencePoint vc="0" uspid="814" ordinal="0" offset="1665" sl="119" sc="17" el="119" ec="17" bec="0" bev="0" fileid="8" />
                <SequencePoint vc="0" uspid="815" ordinal="0" offset="1678" sl="120" sc="17" el="120" ec="17" bec="0" bev="0" fileid="8" />
                <SequencePoint vc="0" uspid="816" ordinal="0" offset="1711" sl="121" sc="13" el="121" ec="13" bec="0" bev="0" fileid="8" />
                <SequencePoint vc="0" uspid="817" ordinal="0" offset="1712" sl="122" sc="9" el="122" ec="9" bec="0" bev="0" fileid="8" />
                <SequencePoint vc="6156" uspid="818" ordinal="0" offset="1713" sl="128" sc="9" el="128" ec="9" bec="0" bev="0" fileid="8" />
                <SequencePoint vc="4104" uspid="819" ordinal="0" offset="1728" sl="129" sc="9" el="129" ec="9" bec="0" bev="0" fileid="8" />
                <SequencePoint vc="4104" uspid="820" ordinal="0" offset="1729" sl="130" sc="13" el="130" ec="13" bec="0" bev="0" fileid="8" />
                <SequencePoint vc="0" uspid="821" ordinal="0" offset="1788" sl="131" sc="13" el="131" ec="13" bec="0" bev="0" fileid="8" />
                <SequencePoint vc="0" uspid="822" ordinal="0" offset="1789" sl="132" sc="17" el="132" ec="17" bec="0" bev="0" fileid="8" />
                <SequencePoint vc="0" uspid="823" ordinal="0" offset="1811" sl="133" sc="17" el="133" ec="17" bec="0" bev="0" fileid="8" />
                <SequencePoint vc="0" uspid="824" ordinal="0" offset="1833" sl="134" sc="17" el="134" ec="17" bec="0" bev="0" fileid="8" />
                <SequencePoint vc="0" uspid="825" ordinal="0" offset="1860" sl="135" sc="17" el="135" ec="17" bec="0" bev="0" fileid="8" />
                <SequencePoint vc="0" uspid="826" ordinal="0" offset="1889" sl="136" sc="17" el="136" ec="17" bec="0" bev="0" fileid="8" />
                <SequencePoint vc="0" uspid="827" ordinal="0" offset="1902" sl="137" sc="17" el="137" ec="17" bec="0" bev="0" fileid="8" />
                <SequencePoint vc="0" uspid="828" ordinal="0" offset="1935" sl="138" sc="13" el="138" ec="13" bec="0" bev="0" fileid="8" />
                <SequencePoint vc="4104" uspid="829" ordinal="0" offset="1941" sl="139" sc="18" el="139" ec="18" bec="0" bev="0" fileid="8" />
                <SequencePoint vc="0" uspid="830" ordinal="0" offset="2000" sl="140" sc="13" el="140" ec="13" bec="0" bev="0" fileid="8" />
                <SequencePoint vc="0" uspid="831" ordinal="0" offset="2001" sl="141" sc="17" el="141" ec="17" bec="0" bev="0" fileid="8" />
                <SequencePoint vc="0" uspid="832" ordinal="0" offset="2023" sl="142" sc="17" el="142" ec="17" bec="0" bev="0" fileid="8" />
                <SequencePoint vc="0" uspid="833" ordinal="0" offset="2045" sl="143" sc="17" el="143" ec="17" bec="0" bev="0" fileid="8" />
                <SequencePoint vc="0" uspid="834" ordinal="0" offset="2072" sl="144" sc="17" el="144" ec="17" bec="0" bev="0" fileid="8" />
                <SequencePoint vc="0" uspid="835" ordinal="0" offset="2101" sl="145" sc="17" el="145" ec="17" bec="0" bev="0" fileid="8" />
                <SequencePoint vc="0" uspid="836" ordinal="0" offset="2114" sl="146" sc="17" el="146" ec="17" bec="0" bev="0" fileid="8" />
                <SequencePoint vc="0" uspid="837" ordinal="0" offset="2147" sl="147" sc="13" el="147" ec="13" bec="0" bev="0" fileid="8" />
                <SequencePoint vc="4104" uspid="838" ordinal="0" offset="2153" sl="148" sc="18" el="148" ec="18" bec="0" bev="0" fileid="8" />
                <SequencePoint vc="0" uspid="839" ordinal="0" offset="2212" sl="149" sc="13" el="149" ec="13" bec="0" bev="0" fileid="8" />
                <SequencePoint vc="0" uspid="840" ordinal="0" offset="2213" sl="150" sc="17" el="150" ec="17" bec="0" bev="0" fileid="8" />
                <SequencePoint vc="0" uspid="841" ordinal="0" offset="2235" sl="151" sc="17" el="151" ec="17" bec="0" bev="0" fileid="8" />
                <SequencePoint vc="0" uspid="842" ordinal="0" offset="2257" sl="152" sc="17" el="152" ec="17" bec="0" bev="0" fileid="8" />
                <SequencePoint vc="0" uspid="843" ordinal="0" offset="2284" sl="153" sc="17" el="153" ec="17" bec="0" bev="0" fileid="8" />
                <SequencePoint vc="0" uspid="844" ordinal="0" offset="2313" sl="154" sc="17" el="154" ec="17" bec="0" bev="0" fileid="8" />
                <SequencePoint vc="0" uspid="845" ordinal="0" offset="2326" sl="155" sc="17" el="155" ec="17" bec="0" bev="0" fileid="8" />
                <SequencePoint vc="0" uspid="846" ordinal="0" offset="2359" sl="156" sc="13" el="156" ec="13" bec="0" bev="0" fileid="8" />
                <SequencePoint vc="3890" uspid="847" ordinal="0" offset="2365" sl="157" sc="18" el="157" ec="18" bec="0" bev="0" fileid="8" />
                <SequencePoint vc="0" uspid="848" ordinal="0" offset="2424" sl="158" sc="13" el="158" ec="13" bec="0" bev="0" fileid="8" />
                <SequencePoint vc="0" uspid="849" ordinal="0" offset="2425" sl="159" sc="17" el="159" ec="17" bec="0" bev="0" fileid="8" />
                <SequencePoint vc="0" uspid="850" ordinal="0" offset="2447" sl="160" sc="17" el="160" ec="17" bec="0" bev="0" fileid="8" />
                <SequencePoint vc="0" uspid="851" ordinal="0" offset="2469" sl="161" sc="17" el="161" ec="17" bec="0" bev="0" fileid="8" />
                <SequencePoint vc="0" uspid="852" ordinal="0" offset="2496" sl="162" sc="17" el="162" ec="17" bec="0" bev="0" fileid="8" />
                <SequencePoint vc="0" uspid="853" ordinal="0" offset="2525" sl="163" sc="17" el="163" ec="17" bec="0" bev="0" fileid="8" />
                <SequencePoint vc="0" uspid="854" ordinal="0" offset="2538" sl="164" sc="17" el="164" ec="17" bec="0" bev="0" fileid="8" />
                <SequencePoint vc="0" uspid="855" ordinal="0" offset="2571" sl="165" sc="13" el="165" ec="13" bec="0" bev="0" fileid="8" />
                <SequencePoint vc="3078" uspid="856" ordinal="0" offset="2572" sl="166" sc="9" el="166" ec="9" bec="0" bev="0" fileid="8" />
                <SequencePoint vc="5130" uspid="857" ordinal="0" offset="2573" sl="172" sc="9" el="172" ec="9" bec="0" bev="0" fileid="8" />
                <SequencePoint vc="1026" uspid="858" ordinal="0" offset="2588" sl="173" sc="9" el="173" ec="9" bec="0" bev="0" fileid="8" />
                <SequencePoint vc="1026" uspid="859" ordinal="0" offset="2589" sl="174" sc="13" el="174" ec="13" bec="0" bev="0" fileid="8" />
                <SequencePoint vc="0" uspid="860" ordinal="0" offset="2648" sl="175" sc="13" el="175" ec="13" bec="0" bev="0" fileid="8" />
                <SequencePoint vc="0" uspid="861" ordinal="0" offset="2649" sl="176" sc="17" el="176" ec="17" bec="0" bev="0" fileid="8" />
                <SequencePoint vc="0" uspid="862" ordinal="0" offset="2671" sl="177" sc="17" el="177" ec="17" bec="0" bev="0" fileid="8" />
                <SequencePoint vc="0" uspid="863" ordinal="0" offset="2693" sl="178" sc="17" el="178" ec="17" bec="0" bev="0" fileid="8" />
                <SequencePoint vc="0" uspid="864" ordinal="0" offset="2720" sl="179" sc="17" el="179" ec="17" bec="0" bev="0" fileid="8" />
                <SequencePoint vc="0" uspid="865" ordinal="0" offset="2749" sl="180" sc="17" el="180" ec="17" bec="0" bev="0" fileid="8" />
                <SequencePoint vc="0" uspid="866" ordinal="0" offset="2762" sl="181" sc="17" el="181" ec="17" bec="0" bev="0" fileid="8" />
                <SequencePoint vc="0" uspid="867" ordinal="0" offset="2795" sl="182" sc="13" el="182" ec="13" bec="0" bev="0" fileid="8" />
                <SequencePoint vc="1026" uspid="868" ordinal="0" offset="2801" sl="183" sc="18" el="183" ec="18" bec="0" bev="0" fileid="8" />
                <SequencePoint vc="0" uspid="869" ordinal="0" offset="2860" sl="184" sc="13" el="184" ec="13" bec="0" bev="0" fileid="8" />
                <SequencePoint vc="0" uspid="870" ordinal="0" offset="2861" sl="185" sc="17" el="185" ec="17" bec="0" bev="0" fileid="8" />
                <SequencePoint vc="0" uspid="871" ordinal="0" offset="2883" sl="186" sc="17" el="186" ec="17" bec="0" bev="0" fileid="8" />
                <SequencePoint vc="0" uspid="872" ordinal="0" offset="2905" sl="187" sc="17" el="187" ec="17" bec="0" bev="0" fileid="8" />
                <SequencePoint vc="0" uspid="873" ordinal="0" offset="2932" sl="188" sc="17" el="188" ec="17" bec="0" bev="0" fileid="8" />
                <SequencePoint vc="0" uspid="874" ordinal="0" offset="2961" sl="189" sc="17" el="189" ec="17" bec="0" bev="0" fileid="8" />
                <SequencePoint vc="0" uspid="875" ordinal="0" offset="2974" sl="190" sc="17" el="190" ec="17" bec="0" bev="0" fileid="8" />
                <SequencePoint vc="0" uspid="876" ordinal="0" offset="3007" sl="191" sc="13" el="191" ec="13" bec="0" bev="0" fileid="8" />
                <SequencePoint vc="1026" uspid="877" ordinal="0" offset="3013" sl="192" sc="18" el="192" ec="18" bec="0" bev="0" fileid="8" />
                <SequencePoint vc="0" uspid="878" ordinal="0" offset="3072" sl="193" sc="13" el="193" ec="13" bec="0" bev="0" fileid="8" />
                <SequencePoint vc="0" uspid="879" ordinal="0" offset="3073" sl="194" sc="17" el="194" ec="17" bec="0" bev="0" fileid="8" />
                <SequencePoint vc="0" uspid="880" ordinal="0" offset="3095" sl="195" sc="17" el="195" ec="17" bec="0" bev="0" fileid="8" />
                <SequencePoint vc="0" uspid="881" ordinal="0" offset="3117" sl="196" sc="17" el="196" ec="17" bec="0" bev="0" fileid="8" />
                <SequencePoint vc="0" uspid="882" ordinal="0" offset="3144" sl="197" sc="17" el="197" ec="17" bec="0" bev="0" fileid="8" />
                <SequencePoint vc="0" uspid="883" ordinal="0" offset="3173" sl="198" sc="17" el="198" ec="17" bec="0" bev="0" fileid="8" />
                <SequencePoint vc="0" uspid="884" ordinal="0" offset="3186" sl="199" sc="17" el="199" ec="17" bec="0" bev="0" fileid="8" />
                <SequencePoint vc="0" uspid="885" ordinal="0" offset="3219" sl="200" sc="13" el="200" ec="13" bec="0" bev="0" fileid="8" />
                <SequencePoint vc="1026" uspid="886" ordinal="0" offset="3225" sl="201" sc="18" el="201" ec="18" bec="0" bev="0" fileid="8" />
                <SequencePoint vc="0" uspid="887" ordinal="0" offset="3284" sl="202" sc="13" el="202" ec="13" bec="0" bev="0" fileid="8" />
                <SequencePoint vc="0" uspid="888" ordinal="0" offset="3285" sl="203" sc="17" el="203" ec="17" bec="0" bev="0" fileid="8" />
                <SequencePoint vc="0" uspid="889" ordinal="0" offset="3307" sl="204" sc="17" el="204" ec="17" bec="0" bev="0" fileid="8" />
                <SequencePoint vc="0" uspid="890" ordinal="0" offset="3329" sl="205" sc="17" el="205" ec="17" bec="0" bev="0" fileid="8" />
                <SequencePoint vc="0" uspid="891" ordinal="0" offset="3356" sl="206" sc="17" el="206" ec="17" bec="0" bev="0" fileid="8" />
                <SequencePoint vc="0" uspid="892" ordinal="0" offset="3385" sl="207" sc="17" el="207" ec="17" bec="0" bev="0" fileid="8" />
                <SequencePoint vc="0" uspid="893" ordinal="0" offset="3398" sl="208" sc="17" el="208" ec="17" bec="0" bev="0" fileid="8" />
                <SequencePoint vc="0" uspid="894" ordinal="0" offset="3431" sl="209" sc="13" el="209" ec="13" bec="0" bev="0" fileid="8" />
                <SequencePoint vc="1026" uspid="895" ordinal="0" offset="3432" sl="210" sc="9" el="210" ec="9" bec="0" bev="0" fileid="8" />
                <SequencePoint vc="5130" uspid="896" ordinal="0" offset="3433" sl="213" sc="5" el="213" ec="5" bec="0" bev="0" fileid="8" />
              </SequencePoints>
              <BranchPoints />
            </Method>
            <Method visited="true" cyclomaticComplexity="5" nPathComplexity="0" sequenceCoverage="50.00" branchCoverage="0" crapScore="8.12" isConstructor="false" isStatic="false" isGetter="false" isSetter="false">
              <Summary numSequencePoints="18" visitedSequencePoints="9" numBranchPoints="0" visitedBranchPoints="0" sequenceCoverage="50.00" branchCoverage="0" maxCyclomaticComplexity="5" minCyclomaticComplexity="5" maxCrapScore="8.12" minCrapScore="8.12" visitedClasses="0" numClasses="0" visitedMethods="1" numMethods="1" />
              <MetadataToken>100663348</MetadataToken>
              <Name>System.Void NoteLogic::OnTriggerEnter2D(UnityEngine.Collider2D)</Name>
              <FileRef uid="8" />
              <SequencePoints>
                <SequencePoint vc="1" uspid="897" ordinal="0" offset="0" sl="216" sc="5" el="216" ec="5" bec="0" bev="0" fileid="8" />
                <SequencePoint vc="1" uspid="898" ordinal="0" offset="1" sl="217" sc="9" el="217" ec="9" bec="0" bev="0" fileid="8" />
                <SequencePoint vc="0" uspid="899" ordinal="0" offset="21" sl="218" sc="9" el="218" ec="9" bec="0" bev="0" fileid="8" />
                <SequencePoint vc="0" uspid="900" ordinal="0" offset="22" sl="219" sc="13" el="219" ec="13" bec="0" bev="0" fileid="8" />
                <SequencePoint vc="0" uspid="901" ordinal="0" offset="29" sl="220" sc="9" el="220" ec="9" bec="0" bev="0" fileid="8" />
                <SequencePoint vc="1" uspid="902" ordinal="0" offset="30" sl="222" sc="9" el="222" ec="9" bec="0" bev="0" fileid="8" />
                <SequencePoint vc="0" uspid="903" ordinal="0" offset="50" sl="223" sc="9" el="223" ec="9" bec="0" bev="0" fileid="8" />
                <SequencePoint vc="0" uspid="904" ordinal="0" offset="51" sl="224" sc="13" el="224" ec="13" bec="0" bev="0" fileid="8" />
                <SequencePoint vc="0" uspid="905" ordinal="0" offset="58" sl="225" sc="9" el="225" ec="9" bec="0" bev="0" fileid="8" />
                <SequencePoint vc="1" uspid="906" ordinal="0" offset="59" sl="227" sc="9" el="227" ec="9" bec="0" bev="0" fileid="8" />
                <SequencePoint vc="0" uspid="907" ordinal="0" offset="79" sl="228" sc="9" el="228" ec="9" bec="0" bev="0" fileid="8" />
                <SequencePoint vc="0" uspid="908" ordinal="0" offset="80" sl="229" sc="13" el="229" ec="13" bec="0" bev="0" fileid="8" />
                <SequencePoint vc="0" uspid="909" ordinal="0" offset="87" sl="230" sc="9" el="230" ec="9" bec="0" bev="0" fileid="8" />
                <SequencePoint vc="1" uspid="910" ordinal="0" offset="88" sl="232" sc="9" el="232" ec="9" bec="0" bev="0" fileid="8" />
                <SequencePoint vc="1" uspid="911" ordinal="0" offset="108" sl="233" sc="9" el="233" ec="9" bec="0" bev="0" fileid="8" />
                <SequencePoint vc="1" uspid="912" ordinal="0" offset="109" sl="234" sc="13" el="234" ec="13" bec="0" bev="0" fileid="8" />
                <SequencePoint vc="1" uspid="913" ordinal="0" offset="116" sl="235" sc="9" el="235" ec="9" bec="0" bev="0" fileid="8" />
                <SequencePoint vc="1" uspid="914" ordinal="0" offset="117" sl="236" sc="5" el="236" ec="5" bec="0" bev="0" fileid="8" />
              </SequencePoints>
              <BranchPoints />
            </Method>
            <Method visited="true" cyclomaticComplexity="5" nPathComplexity="0" sequenceCoverage="100.0" branchCoverage="0" crapScore="5" isConstructor="false" isStatic="false" isGetter="false" isSetter="false">
              <Summary numSequencePoints="18" visitedSequencePoints="18" numBranchPoints="0" visitedBranchPoints="0" sequenceCoverage="100.0" branchCoverage="0" maxCyclomaticComplexity="5" minCyclomaticComplexity="5" maxCrapScore="5" minCrapScore="5" visitedClasses="0" numClasses="0" visitedMethods="1" numMethods="1" />
              <MetadataToken>100663349</MetadataToken>
              <Name>System.Void NoteLogic::OnTriggerExit2D(UnityEngine.Collider2D)</Name>
              <FileRef uid="8" />
              <SequencePoints>
                <SequencePoint vc="16" uspid="915" ordinal="0" offset="0" sl="239" sc="5" el="239" ec="5" bec="0" bev="0" fileid="8" />
                <SequencePoint vc="16" uspid="916" ordinal="0" offset="1" sl="240" sc="9" el="240" ec="9" bec="0" bev="0" fileid="8" />
                <SequencePoint vc="3" uspid="917" ordinal="0" offset="21" sl="241" sc="9" el="241" ec="9" bec="0" bev="0" fileid="8" />
                <SequencePoint vc="3" uspid="918" ordinal="0" offset="22" sl="242" sc="13" el="242" ec="13" bec="0" bev="0" fileid="8" />
                <SequencePoint vc="3" uspid="919" ordinal="0" offset="29" sl="243" sc="9" el="243" ec="9" bec="0" bev="0" fileid="8" />
                <SequencePoint vc="16" uspid="920" ordinal="0" offset="30" sl="245" sc="9" el="245" ec="9" bec="0" bev="0" fileid="8" />
                <SequencePoint vc="2" uspid="921" ordinal="0" offset="50" sl="246" sc="9" el="246" ec="9" bec="0" bev="0" fileid="8" />
                <SequencePoint vc="2" uspid="922" ordinal="0" offset="51" sl="247" sc="13" el="247" ec="13" bec="0" bev="0" fileid="8" />
                <SequencePoint vc="2" uspid="923" ordinal="0" offset="58" sl="248" sc="9" el="248" ec="9" bec="0" bev="0" fileid="8" />
                <SequencePoint vc="16" uspid="924" ordinal="0" offset="59" sl="250" sc="9" el="250" ec="9" bec="0" bev="0" fileid="8" />
                <SequencePoint vc="2" uspid="925" ordinal="0" offset="79" sl="251" sc="9" el="251" ec="9" bec="0" bev="0" fileid="8" />
                <SequencePoint vc="2" uspid="926" ordinal="0" offset="80" sl="252" sc="13" el="252" ec="13" bec="0" bev="0" fileid="8" />
                <SequencePoint vc="2" uspid="927" ordinal="0" offset="87" sl="253" sc="9" el="253" ec="9" bec="0" bev="0" fileid="8" />
                <SequencePoint vc="16" uspid="928" ordinal="0" offset="88" sl="255" sc="9" el="255" ec="9" bec="0" bev="0" fileid="8" />
                <SequencePoint vc="1" uspid="929" ordinal="0" offset="108" sl="256" sc="9" el="256" ec="9" bec="0" bev="0" fileid="8" />
                <SequencePoint vc="1" uspid="930" ordinal="0" offset="109" sl="257" sc="13" el="257" ec="13" bec="0" bev="0" fileid="8" />
                <SequencePoint vc="1" uspid="931" ordinal="0" offset="116" sl="258" sc="9" el="258" ec="9" bec="0" bev="0" fileid="8" />
                <SequencePoint vc="16" uspid="932" ordinal="0" offset="117" sl="259" sc="5" el="259" ec="5" bec="0" bev="0" fileid="8" />
              </SequencePoints>
              <BranchPoints />
            </Method>
            <Method visited="true" cyclomaticComplexity="1" nPathComplexity="0" sequenceCoverage="100.0" branchCoverage="0" crapScore="1" isConstructor="true" isStatic="false" isGetter="false" isSetter="false">
              <Summary numSequencePoints="4" visitedSequencePoints="4" numBranchPoints="0" visitedBranchPoints="0" sequenceCoverage="100.0" branchCoverage="0" maxCyclomaticComplexity="1" minCyclomaticComplexity="1" maxCrapScore="1" minCrapScore="1" visitedClasses="0" numClasses="0" visitedMethods="1" numMethods="1" />
              <MetadataToken>100663350</MetadataToken>
              <Name>NoteLogic::NoteLogic()</Name>
              <FileRef uid="8" />
              <SequencePoints>
                <SequencePoint vc="587" uspid="933" ordinal="0" offset="0" sl="8" sc="5" el="8" ec="5" bec="0" bev="0" fileid="8" />
                <SequencePoint vc="587" uspid="934" ordinal="0" offset="7" sl="9" sc="5" el="9" ec="5" bec="0" bev="0" fileid="8" />
                <SequencePoint vc="587" uspid="935" ordinal="0" offset="14" sl="10" sc="5" el="10" ec="5" bec="0" bev="0" fileid="8" />
                <SequencePoint vc="587" uspid="936" ordinal="0" offset="21" sl="11" sc="5" el="11" ec="5" bec="0" bev="0" fileid="8" />
              </SequencePoints>
              <BranchPoints />
            </Method>
          </Methods>
        </Class>
      </Classes>
    </Module>
  </Modules>
</CoverageSession>