<?xml version="1.0" encoding="utf-8"?>
<CoverageSession xmlns:xsd="http://www.w3.org/2001/XMLSchema" xmlns:xsi="http://www.w3.org/2001/XMLSchema-instance" Version="0.0.0.0">
  <Summary numSequencePoints="375" visitedSequencePoints="362" numBranchPoints="0" visitedBranchPoints="0" sequenceCoverage="96.53" branchCoverage="0.0" maxCyclomaticComplexity="85" minCyclomaticComplexity="1" maxCrapScore="85.94" minCrapScore="1" visitedClasses="6" numClasses="6" visitedMethods="26" numMethods="26" />
  <Modules>
    <Module>
      <Summary numSequencePoints="375" visitedSequencePoints="362" numBranchPoints="0" visitedBranchPoints="0" sequenceCoverage="96.53" branchCoverage="0.0" maxCyclomaticComplexity="85" minCyclomaticComplexity="1" maxCrapScore="85.94" minCrapScore="1" visitedClasses="6" numClasses="6" visitedMethods="26" numMethods="26" />
      <ModuleTime>0001-01-01T00:00:00</ModuleTime>
      <ModuleName>Assembly-CSharp</ModuleName>
      <Files>
        <File uid="1" fullPath="F:/Unity Projects/Friday Night/Assets/Scripts/AINoteLogic.cs" />
        <File uid="2" fullPath="F:/Unity Projects/Friday Night/Assets/Scripts/BeatScroller.cs" />
        <File uid="3" fullPath="F:/Unity Projects/Friday Night/Assets/Scripts/CameraBob.cs" />
        <File uid="4" fullPath="F:/Unity Projects/Friday Night/Assets/Scripts/GameManager.cs" />
        <File uid="5" fullPath="F:/Unity Projects/Friday Night/Assets/Scripts/Loader.cs" />
        <File uid="6" fullPath="F:/Unity Projects/Friday Night/Assets/Scripts/MenuLogic.cs" />
        <File uid="7" fullPath="F:/Unity Projects/Friday Night/Assets/Scripts/NoteCuller.cs" />
        <File uid="8" fullPath="F:/Unity Projects/Friday Night/Assets/Scripts/NoteLogic.cs" />
      </Files>
      <Classes>
        <Class>
          <Summary numSequencePoints="7" visitedSequencePoints="7" numBranchPoints="0" visitedBranchPoints="0" sequenceCoverage="100.0" branchCoverage="0.0" maxCyclomaticComplexity="2" minCyclomaticComplexity="2" maxCrapScore="2" minCrapScore="2" visitedClasses="1" numClasses="1" visitedMethods="1" numMethods="1" />
          <FullName>AINoteLogic</FullName>
          <Methods>
            <Method visited="true" cyclomaticComplexity="2" nPathComplexity="0" sequenceCoverage="100.0" branchCoverage="0" crapScore="2" isConstructor="false" isStatic="false" isGetter="false" isSetter="false">
              <Summary numSequencePoints="7" visitedSequencePoints="7" numBranchPoints="0" visitedBranchPoints="0" sequenceCoverage="100.0" branchCoverage="0" maxCyclomaticComplexity="2" minCyclomaticComplexity="2" maxCrapScore="2" minCrapScore="2" visitedClasses="0" numClasses="0" visitedMethods="1" numMethods="1" />
              <MetadataToken>100663297</MetadataToken>
              <Name>System.Void AINoteLogic::OnTriggerEnter2D(UnityEngine.Collider2D)</Name>
              <FileRef uid="1" />
              <SequencePoints>
                <SequencePoint vc="486" uspid="1" ordinal="0" offset="0" sl="8" sc="5" el="8" ec="5" bec="0" bev="0" fileid="1" />
                <SequencePoint vc="486" uspid="2" ordinal="0" offset="1" sl="9" sc="9" el="9" ec="9" bec="0" bev="0" fileid="1" />
                <SequencePoint vc="486" uspid="3" ordinal="0" offset="21" sl="10" sc="9" el="10" ec="9" bec="0" bev="0" fileid="1" />
                <SequencePoint vc="486" uspid="4" ordinal="0" offset="22" sl="11" sc="13" el="11" ec="13" bec="0" bev="0" fileid="1" />
                <SequencePoint vc="486" uspid="5" ordinal="0" offset="51" sl="12" sc="13" el="12" ec="13" bec="0" bev="0" fileid="1" />
                <SequencePoint vc="486" uspid="6" ordinal="0" offset="64" sl="13" sc="9" el="13" ec="9" bec="0" bev="0" fileid="1" />
                <SequencePoint vc="486" uspid="7" ordinal="0" offset="65" sl="14" sc="5" el="14" ec="5" bec="0" bev="0" fileid="1" />
              </SequencePoints>
              <BranchPoints />
            </Method>
          </Methods>
        </Class>
        <Class>
          <Summary numSequencePoints="12" visitedSequencePoints="12" numBranchPoints="0" visitedBranchPoints="0" sequenceCoverage="100.0" branchCoverage="0.0" maxCyclomaticComplexity="2" minCyclomaticComplexity="1" maxCrapScore="2" minCrapScore="1" visitedClasses="1" numClasses="1" visitedMethods="4" numMethods="4" />
          <FullName>BeatScroller</FullName>
          <Methods>
            <Method visited="true" cyclomaticComplexity="1" nPathComplexity="0" sequenceCoverage="100.0" branchCoverage="0" crapScore="1" isConstructor="false" isStatic="false" isGetter="false" isSetter="false">
              <Summary numSequencePoints="2" visitedSequencePoints="2" numBranchPoints="0" visitedBranchPoints="0" sequenceCoverage="100.0" branchCoverage="0" maxCyclomaticComplexity="1" minCyclomaticComplexity="1" maxCrapScore="1" minCrapScore="1" visitedClasses="0" numClasses="0" visitedMethods="1" numMethods="1" />
              <MetadataToken>100663299</MetadataToken>
              <Name>System.Void BeatScroller::Start()</Name>
              <FileRef uid="2" />
              <SequencePoints>
                <SequencePoint vc="2" uspid="8" ordinal="0" offset="0" sl="12" sc="5" el="12" ec="5" bec="0" bev="0" fileid="2" />
                <SequencePoint vc="2" uspid="9" ordinal="0" offset="1" sl="14" sc="5" el="14" ec="5" bec="0" bev="0" fileid="2" />
              </SequencePoints>
              <BranchPoints />
            </Method>
            <Method visited="true" cyclomaticComplexity="2" nPathComplexity="0" sequenceCoverage="100.0" branchCoverage="0" crapScore="2" isConstructor="false" isStatic="false" isGetter="false" isSetter="false">
              <Summary numSequencePoints="5" visitedSequencePoints="5" numBranchPoints="0" visitedBranchPoints="0" sequenceCoverage="100.0" branchCoverage="0" maxCyclomaticComplexity="2" minCyclomaticComplexity="2" maxCrapScore="2" minCrapScore="2" visitedClasses="0" numClasses="0" visitedMethods="1" numMethods="1" />
              <MetadataToken>100663300</MetadataToken>
              <Name>System.Void BeatScroller::Update()</Name>
              <FileRef uid="2" />
              <SequencePoints>
                <SequencePoint vc="56046" uspid="10" ordinal="0" offset="0" sl="17" sc="5" el="17" ec="5" bec="0" bev="0" fileid="2" />
                <SequencePoint vc="56046" uspid="11" ordinal="0" offset="1" sl="18" sc="9" el="18" ec="9" bec="0" bev="0" fileid="2" />
                <SequencePoint vc="538" uspid="12" ordinal="0" offset="18" sl="18" sc="44" el="18" ec="44" bec="0" bev="0" fileid="2" />
                <SequencePoint vc="55508" uspid="13" ordinal="0" offset="20" sl="20" sc="9" el="20" ec="9" bec="0" bev="0" fileid="2" />
                <SequencePoint vc="56046" uspid="14" ordinal="0" offset="27" sl="21" sc="5" el="21" ec="5" bec="0" bev="0" fileid="2" />
              </SequencePoints>
              <BranchPoints />
            </Method>
            <Method visited="true" cyclomaticComplexity="1" nPathComplexity="0" sequenceCoverage="100.0" branchCoverage="0" crapScore="1" isConstructor="false" isStatic="false" isGetter="false" isSetter="false">
              <Summary numSequencePoints="3" visitedSequencePoints="3" numBranchPoints="0" visitedBranchPoints="0" sequenceCoverage="100.0" branchCoverage="0" maxCyclomaticComplexity="1" minCyclomaticComplexity="1" maxCrapScore="1" minCrapScore="1" visitedClasses="0" numClasses="0" visitedMethods="1" numMethods="1" />
              <MetadataToken>100663301</MetadataToken>
              <Name>System.Void BeatScroller::ScrollNotes()</Name>
              <FileRef uid="2" />
              <SequencePoints>
                <SequencePoint vc="55508" uspid="15" ordinal="0" offset="0" sl="24" sc="5" el="24" ec="5" bec="0" bev="0" fileid="2" />
                <SequencePoint vc="55508" uspid="16" ordinal="0" offset="1" sl="25" sc="9" el="25" ec="9" bec="0" bev="0" fileid="2" />
                <SequencePoint vc="55508" uspid="17" ordinal="0" offset="50" sl="26" sc="5" el="26" ec="5" bec="0" bev="0" fileid="2" />
              </SequencePoints>
              <BranchPoints />
            </Method>
            <Method visited="true" cyclomaticComplexity="1" nPathComplexity="0" sequenceCoverage="100.0" branchCoverage="0" crapScore="1" isConstructor="true" isStatic="false" isGetter="false" isSetter="false">
              <Summary numSequencePoints="2" visitedSequencePoints="2" numBranchPoints="0" visitedBranchPoints="0" sequenceCoverage="100.0" branchCoverage="0" maxCyclomaticComplexity="1" minCyclomaticComplexity="1" maxCrapScore="1" minCrapScore="1" visitedClasses="0" numClasses="0" visitedMethods="1" numMethods="1" />
              <MetadataToken>100663302</MetadataToken>
              <Name>BeatScroller::BeatScroller()</Name>
              <FileRef uid="2" />
              <SequencePoints>
                <SequencePoint vc="2" uspid="18" ordinal="0" offset="0" sl="8" sc="22" el="8" ec="22" bec="0" bev="0" fileid="2" />
                <SequencePoint vc="2" uspid="19" ordinal="0" offset="11" sl="9" sc="22" el="9" ec="22" bec="0" bev="0" fileid="2" />
              </SequencePoints>
              <BranchPoints />
            </Method>
          </Methods>
        </Class>
        <Class>
          <Summary numSequencePoints="61" visitedSequencePoints="61" numBranchPoints="0" visitedBranchPoints="0" sequenceCoverage="100.0" branchCoverage="0.0" maxCyclomaticComplexity="9" minCyclomaticComplexity="1" maxCrapScore="9" minCrapScore="1" visitedClasses="1" numClasses="1" visitedMethods="5" numMethods="5" />
          <FullName>CameraBob</FullName>
          <Methods>
            <Method visited="true" cyclomaticComplexity="1" nPathComplexity="0" sequenceCoverage="100.0" branchCoverage="0" crapScore="1" isConstructor="false" isStatic="false" isGetter="false" isSetter="false">
              <Summary numSequencePoints="3" visitedSequencePoints="3" numBranchPoints="0" visitedBranchPoints="0" sequenceCoverage="100.0" branchCoverage="0" maxCyclomaticComplexity="1" minCyclomaticComplexity="1" maxCrapScore="1" minCrapScore="1" visitedClasses="0" numClasses="0" visitedMethods="1" numMethods="1" />
              <MetadataToken>100663303</MetadataToken>
              <Name>System.Void CameraBob::Start()</Name>
              <FileRef uid="3" />
              <SequencePoints>
                <SequencePoint vc="1" uspid="20" ordinal="0" offset="0" sl="22" sc="5" el="22" ec="5" bec="0" bev="0" fileid="3" />
                <SequencePoint vc="1" uspid="21" ordinal="0" offset="1" sl="23" sc="9" el="23" ec="9" bec="0" bev="0" fileid="3" />
                <SequencePoint vc="1" uspid="22" ordinal="0" offset="17" sl="24" sc="5" el="24" ec="5" bec="0" bev="0" fileid="3" />
              </SequencePoints>
              <BranchPoints />
            </Method>
            <Method visited="true" cyclomaticComplexity="1" nPathComplexity="0" sequenceCoverage="100.0" branchCoverage="0" crapScore="1" isConstructor="false" isStatic="false" isGetter="false" isSetter="false">
              <Summary numSequencePoints="4" visitedSequencePoints="4" numBranchPoints="0" visitedBranchPoints="0" sequenceCoverage="100.0" branchCoverage="0" maxCyclomaticComplexity="1" minCyclomaticComplexity="1" maxCrapScore="1" minCrapScore="1" visitedClasses="0" numClasses="0" visitedMethods="1" numMethods="1" />
              <MetadataToken>100663304</MetadataToken>
              <Name>System.Void CameraBob::Update()</Name>
              <FileRef uid="3" />
              <SequencePoints>
                <SequencePoint vc="28023" uspid="23" ordinal="0" offset="0" sl="27" sc="5" el="27" ec="5" bec="0" bev="0" fileid="3" />
                <SequencePoint vc="28023" uspid="24" ordinal="0" offset="1" sl="28" sc="9" el="28" ec="9" bec="0" bev="0" fileid="3" />
                <SequencePoint vc="28023" uspid="25" ordinal="0" offset="8" sl="29" sc="9" el="29" ec="9" bec="0" bev="0" fileid="3" />
                <SequencePoint vc="28023" uspid="26" ordinal="0" offset="15" sl="30" sc="5" el="30" ec="5" bec="0" bev="0" fileid="3" />
              </SequencePoints>
              <BranchPoints />
            </Method>
            <Method visited="true" cyclomaticComplexity="9" nPathComplexity="0" sequenceCoverage="100.0" branchCoverage="0" crapScore="9" isConstructor="false" isStatic="false" isGetter="false" isSetter="false">
              <Summary numSequencePoints="22" visitedSequencePoints="22" numBranchPoints="0" visitedBranchPoints="0" sequenceCoverage="100.0" branchCoverage="0" maxCyclomaticComplexity="9" minCyclomaticComplexity="9" maxCrapScore="9" minCrapScore="9" visitedClasses="0" numClasses="0" visitedMethods="1" numMethods="1" />
              <MetadataToken>100663305</MetadataToken>
              <Name>System.Void CameraBob::LerpToKey()</Name>
              <FileRef uid="3" />
              <SequencePoints>
                <SequencePoint vc="28023" uspid="27" ordinal="0" offset="0" sl="33" sc="5" el="33" ec="5" bec="0" bev="0" fileid="3" />
                <SequencePoint vc="28023" uspid="28" ordinal="0" offset="1" sl="34" sc="9" el="34" ec="9" bec="0" bev="0" fileid="3" />
                <SequencePoint vc="2366" uspid="29" ordinal="0" offset="20" sl="35" sc="9" el="35" ec="9" bec="0" bev="0" fileid="3" />
                <SequencePoint vc="2366" uspid="30" ordinal="0" offset="21" sl="36" sc="13" el="36" ec="13" bec="0" bev="0" fileid="3" />
                <SequencePoint vc="2366" uspid="31" ordinal="0" offset="77" sl="37" sc="9" el="37" ec="9" bec="0" bev="0" fileid="3" />
                <SequencePoint vc="28023" uspid="32" ordinal="0" offset="78" sl="39" sc="9" el="39" ec="9" bec="0" bev="0" fileid="3" />
                <SequencePoint vc="3612" uspid="33" ordinal="0" offset="97" sl="40" sc="9" el="40" ec="9" bec="0" bev="0" fileid="3" />
                <SequencePoint vc="3612" uspid="34" ordinal="0" offset="98" sl="41" sc="13" el="41" ec="13" bec="0" bev="0" fileid="3" />
                <SequencePoint vc="3612" uspid="35" ordinal="0" offset="154" sl="42" sc="9" el="42" ec="9" bec="0" bev="0" fileid="3" />
                <SequencePoint vc="28023" uspid="36" ordinal="0" offset="155" sl="44" sc="9" el="44" ec="9" bec="0" bev="0" fileid="3" />
                <SequencePoint vc="1670" uspid="37" ordinal="0" offset="174" sl="45" sc="9" el="45" ec="9" bec="0" bev="0" fileid="3" />
                <SequencePoint vc="1670" uspid="38" ordinal="0" offset="175" sl="46" sc="13" el="46" ec="13" bec="0" bev="0" fileid="3" />
                <SequencePoint vc="1670" uspid="39" ordinal="0" offset="231" sl="47" sc="9" el="47" ec="9" bec="0" bev="0" fileid="3" />
                <SequencePoint vc="28023" uspid="40" ordinal="0" offset="232" sl="49" sc="9" el="49" ec="9" bec="0" bev="0" fileid="3" />
                <SequencePoint vc="3853" uspid="41" ordinal="0" offset="251" sl="50" sc="9" el="50" ec="9" bec="0" bev="0" fileid="3" />
                <SequencePoint vc="3853" uspid="42" ordinal="0" offset="252" sl="51" sc="13" el="51" ec="13" bec="0" bev="0" fileid="3" />
                <SequencePoint vc="3853" uspid="43" ordinal="0" offset="308" sl="52" sc="9" el="52" ec="9" bec="0" bev="0" fileid="3" />
                <SequencePoint vc="28023" uspid="44" ordinal="0" offset="309" sl="54" sc="9" el="54" ec="9" bec="0" bev="0" fileid="3" />
                <SequencePoint vc="17643" uspid="45" ordinal="0" offset="387" sl="55" sc="9" el="55" ec="9" bec="0" bev="0" fileid="3" />
                <SequencePoint vc="17643" uspid="46" ordinal="0" offset="388" sl="56" sc="13" el="56" ec="13" bec="0" bev="0" fileid="3" />
                <SequencePoint vc="17643" uspid="47" ordinal="0" offset="444" sl="57" sc="9" el="57" ec="9" bec="0" bev="0" fileid="3" />
                <SequencePoint vc="28023" uspid="48" ordinal="0" offset="445" sl="58" sc="5" el="58" ec="5" bec="0" bev="0" fileid="3" />
              </SequencePoints>
              <BranchPoints />
            </Method>
            <Method visited="true" cyclomaticComplexity="9" nPathComplexity="0" sequenceCoverage="100.0" branchCoverage="0" crapScore="9" isConstructor="false" isStatic="false" isGetter="false" isSetter="false">
              <Summary numSequencePoints="26" visitedSequencePoints="26" numBranchPoints="0" visitedBranchPoints="0" sequenceCoverage="100.0" branchCoverage="0" maxCyclomaticComplexity="9" minCyclomaticComplexity="9" maxCrapScore="9" minCrapScore="9" visitedClasses="0" numClasses="0" visitedMethods="1" numMethods="1" />
              <MetadataToken>100663306</MetadataToken>
              <Name>System.Void CameraBob::KeyAnimations()</Name>
              <FileRef uid="3" />
              <SequencePoints>
                <SequencePoint vc="28023" uspid="49" ordinal="0" offset="0" sl="61" sc="5" el="61" ec="5" bec="0" bev="0" fileid="3" />
                <SequencePoint vc="28023" uspid="50" ordinal="0" offset="1" sl="62" sc="9" el="62" ec="9" bec="0" bev="0" fileid="3" />
                <SequencePoint vc="110" uspid="51" ordinal="0" offset="20" sl="63" sc="9" el="63" ec="9" bec="0" bev="0" fileid="3" />
                <SequencePoint vc="110" uspid="52" ordinal="0" offset="21" sl="64" sc="13" el="64" ec="13" bec="0" bev="0" fileid="3" />
                <SequencePoint vc="110" uspid="53" ordinal="0" offset="43" sl="65" sc="9" el="65" ec="9" bec="0" bev="0" fileid="3" />
                <SequencePoint vc="27913" uspid="54" ordinal="0" offset="46" sl="66" sc="14" el="66" ec="14" bec="0" bev="0" fileid="3" />
                <SequencePoint vc="110" uspid="55" ordinal="0" offset="65" sl="66" sc="61" el="66" ec="61" bec="0" bev="0" fileid="3" />
                <SequencePoint vc="28023" uspid="56" ordinal="0" offset="87" sl="69" sc="9" el="69" ec="9" bec="0" bev="0" fileid="3" />
                <SequencePoint vc="214" uspid="57" ordinal="0" offset="106" sl="70" sc="9" el="70" ec="9" bec="0" bev="0" fileid="3" />
                <SequencePoint vc="214" uspid="58" ordinal="0" offset="107" sl="71" sc="13" el="71" ec="13" bec="0" bev="0" fileid="3" />
                <SequencePoint vc="214" uspid="59" ordinal="0" offset="129" sl="72" sc="9" el="72" ec="9" bec="0" bev="0" fileid="3" />
                <SequencePoint vc="27809" uspid="60" ordinal="0" offset="132" sl="73" sc="14" el="73" ec="14" bec="0" bev="0" fileid="3" />
                <SequencePoint vc="214" uspid="61" ordinal="0" offset="151" sl="73" sc="62" el="73" ec="62" bec="0" bev="0" fileid="3" />
                <SequencePoint vc="28023" uspid="62" ordinal="0" offset="173" sl="76" sc="9" el="76" ec="9" bec="0" bev="0" fileid="3" />
                <SequencePoint vc="84" uspid="63" ordinal="0" offset="194" sl="77" sc="9" el="77" ec="9" bec="0" bev="0" fileid="3" />
                <SequencePoint vc="84" uspid="64" ordinal="0" offset="195" sl="78" sc="13" el="78" ec="13" bec="0" bev="0" fileid="3" />
                <SequencePoint vc="84" uspid="65" ordinal="0" offset="217" sl="79" sc="9" el="79" ec="9" bec="0" bev="0" fileid="3" />
                <SequencePoint vc="27939" uspid="66" ordinal="0" offset="220" sl="80" sc="14" el="80" ec="14" bec="0" bev="0" fileid="3" />
                <SequencePoint vc="84" uspid="67" ordinal="0" offset="241" sl="80" sc="59" el="80" ec="59" bec="0" bev="0" fileid="3" />
                <SequencePoint vc="28023" uspid="68" ordinal="0" offset="263" sl="83" sc="9" el="83" ec="9" bec="0" bev="0" fileid="3" />
                <SequencePoint vc="180" uspid="69" ordinal="0" offset="284" sl="84" sc="9" el="84" ec="9" bec="0" bev="0" fileid="3" />
                <SequencePoint vc="180" uspid="70" ordinal="0" offset="285" sl="85" sc="13" el="85" ec="13" bec="0" bev="0" fileid="3" />
                <SequencePoint vc="180" uspid="71" ordinal="0" offset="307" sl="86" sc="9" el="86" ec="9" bec="0" bev="0" fileid="3" />
                <SequencePoint vc="27843" uspid="72" ordinal="0" offset="310" sl="87" sc="14" el="87" ec="14" bec="0" bev="0" fileid="3" />
                <SequencePoint vc="180" uspid="73" ordinal="0" offset="331" sl="87" sc="61" el="87" ec="61" bec="0" bev="0" fileid="3" />
                <SequencePoint vc="28023" uspid="74" ordinal="0" offset="353" sl="88" sc="5" el="88" ec="5" bec="0" bev="0" fileid="3" />
              </SequencePoints>
              <BranchPoints />
            </Method>
            <Method visited="true" cyclomaticComplexity="1" nPathComplexity="0" sequenceCoverage="100.0" branchCoverage="0" crapScore="1" isConstructor="true" isStatic="false" isGetter="false" isSetter="false">
              <Summary numSequencePoints="6" visitedSequencePoints="6" numBranchPoints="0" visitedBranchPoints="0" sequenceCoverage="100.0" branchCoverage="0" maxCyclomaticComplexity="1" minCyclomaticComplexity="1" maxCrapScore="1" minCrapScore="1" visitedClasses="0" numClasses="0" visitedMethods="1" numMethods="1" />
              <MetadataToken>100663307</MetadataToken>
              <Name>CameraBob::CameraBob()</Name>
              <FileRef uid="3" />
              <SequencePoints>
                <SequencePoint vc="1" uspid="75" ordinal="0" offset="0" sl="11" sc="22" el="11" ec="22" bec="0" bev="0" fileid="3" />
                <SequencePoint vc="1" uspid="76" ordinal="0" offset="11" sl="15" sc="22" el="15" ec="22" bec="0" bev="0" fileid="3" />
                <SequencePoint vc="1" uspid="77" ordinal="0" offset="22" sl="16" sc="22" el="16" ec="22" bec="0" bev="0" fileid="3" />
                <SequencePoint vc="1" uspid="78" ordinal="0" offset="48" sl="17" sc="22" el="17" ec="22" bec="0" bev="0" fileid="3" />
                <SequencePoint vc="1" uspid="79" ordinal="0" offset="74" sl="18" sc="22" el="18" ec="22" bec="0" bev="0" fileid="3" />
                <SequencePoint vc="1" uspid="80" ordinal="0" offset="100" sl="19" sc="22" el="19" ec="22" bec="0" bev="0" fileid="3" />
              </SequencePoints>
              <BranchPoints />
            </Method>
          </Methods>
        </Class>
        <Class>
          <Summary numSequencePoints="76" visitedSequencePoints="71" numBranchPoints="0" visitedBranchPoints="0" sequenceCoverage="93.42" branchCoverage="0.0" maxCyclomaticComplexity="6" minCyclomaticComplexity="1" maxCrapScore="7.33" minCrapScore="1" visitedClasses="1" numClasses="1" visitedMethods="7" numMethods="7" />
          <FullName>GameManager</FullName>
          <Methods>
            <Method visited="true" cyclomaticComplexity="2" nPathComplexity="0" sequenceCoverage="100.0" branchCoverage="0" crapScore="2" isConstructor="false" isStatic="false" isGetter="false" isSetter="false">
              <Summary numSequencePoints="9" visitedSequencePoints="9" numBranchPoints="0" visitedBranchPoints="0" sequenceCoverage="100.0" branchCoverage="0" maxCyclomaticComplexity="2" minCyclomaticComplexity="2" maxCrapScore="2" minCrapScore="2" visitedClasses="0" numClasses="0" visitedMethods="1" numMethods="1" />
              <MetadataToken>100663308</MetadataToken>
              <Name>System.Void GameManager::Awake()</Name>
              <FileRef uid="4" />
              <SequencePoints>
                <SequencePoint vc="1" uspid="81" ordinal="0" offset="0" sl="59" sc="5" el="59" ec="5" bec="0" bev="0" fileid="4" />
                <SequencePoint vc="1" uspid="82" ordinal="0" offset="1" sl="60" sc="9" el="60" ec="9" bec="0" bev="0" fileid="4" />
                <SequencePoint vc="1" uspid="83" ordinal="0" offset="18" sl="62" sc="9" el="62" ec="9" bec="0" bev="0" fileid="4" />
                <SequencePoint vc="1" uspid="84" ordinal="0" offset="24" sl="64" sc="9" el="64" ec="9" bec="0" bev="0" fileid="4" />
                <SequencePoint vc="1" uspid="85" ordinal="0" offset="51" sl="65" sc="9" el="65" ec="9" bec="0" bev="0" fileid="4" />
                <SequencePoint vc="1" uspid="86" ordinal="0" offset="52" sl="66" sc="13" el="66" ec="13" bec="0" bev="0" fileid="4" />
                <SequencePoint vc="1" uspid="87" ordinal="0" offset="73" sl="67" sc="13" el="67" ec="13" bec="0" bev="0" fileid="4" />
                <SequencePoint vc="1" uspid="88" ordinal="0" offset="94" sl="68" sc="9" el="68" ec="9" bec="0" bev="0" fileid="4" />
                <SequencePoint vc="1" uspid="89" ordinal="0" offset="95" sl="69" sc="5" el="69" ec="5" bec="0" bev="0" fileid="4" />
              </SequencePoints>
              <BranchPoints />
            </Method>
            <Method visited="true" cyclomaticComplexity="5" nPathComplexity="0" sequenceCoverage="89.47" branchCoverage="0" crapScore="5.03" isConstructor="false" isStatic="false" isGetter="false" isSetter="false">
              <Summary numSequencePoints="19" visitedSequencePoints="17" numBranchPoints="0" visitedBranchPoints="0" sequenceCoverage="89.47" branchCoverage="0" maxCyclomaticComplexity="5" minCyclomaticComplexity="5" maxCrapScore="5.03" minCrapScore="5.03" visitedClasses="0" numClasses="0" visitedMethods="1" numMethods="1" />
              <MetadataToken>100663309</MetadataToken>
              <Name>System.Void GameManager::Update()</Name>
              <FileRef uid="4" />
              <SequencePoints>
                <SequencePoint vc="28023" uspid="90" ordinal="0" offset="0" sl="72" sc="5" el="72" ec="5" bec="0" bev="0" fileid="4" />
                <SequencePoint vc="28023" uspid="91" ordinal="0" offset="1" sl="73" sc="9" el="73" ec="9" bec="0" bev="0" fileid="4" />
                <SequencePoint vc="0" uspid="92" ordinal="0" offset="17" sl="73" sc="35" el="73" ec="35" bec="0" bev="0" fileid="4" />
                <SequencePoint vc="28023" uspid="93" ordinal="0" offset="22" sl="74" sc="9" el="74" ec="9" bec="0" bev="0" fileid="4" />
                <SequencePoint vc="0" uspid="94" ordinal="0" offset="38" sl="74" sc="34" el="74" ec="34" bec="0" bev="0" fileid="4" />
                <SequencePoint vc="28023" uspid="95" ordinal="0" offset="43" sl="76" sc="9" el="76" ec="9" bec="0" bev="0" fileid="4" />
                <SequencePoint vc="28023" uspid="96" ordinal="0" offset="70" sl="77" sc="9" el="77" ec="9" bec="0" bev="0" fileid="4" />
                <SequencePoint vc="28023" uspid="97" ordinal="0" offset="71" sl="78" sc="13" el="78" ec="13" bec="0" bev="0" fileid="4" />
                <SequencePoint vc="28023" uspid="98" ordinal="0" offset="78" sl="80" sc="13" el="80" ec="13" bec="0" bev="0" fileid="4" />
                <SequencePoint vc="1" uspid="99" ordinal="0" offset="91" sl="81" sc="13" el="81" ec="13" bec="0" bev="0" fileid="4" />
                <SequencePoint vc="1" uspid="100" ordinal="0" offset="92" sl="82" sc="17" el="82" ec="17" bec="0" bev="0" fileid="4" />
                <SequencePoint vc="1" uspid="101" ordinal="0" offset="99" sl="83" sc="17" el="83" ec="17" bec="0" bev="0" fileid="4" />
                <SequencePoint vc="1" uspid="102" ordinal="0" offset="130" sl="84" sc="17" el="84" ec="17" bec="0" bev="0" fileid="4" />
                <SequencePoint vc="1" uspid="103" ordinal="0" offset="151" sl="85" sc="13" el="85" ec="13" bec="0" bev="0" fileid="4" />
                <SequencePoint vc="28023" uspid="104" ordinal="0" offset="152" sl="86" sc="9" el="86" ec="9" bec="0" bev="0" fileid="4" />
                <SequencePoint vc="28023" uspid="105" ordinal="0" offset="153" sl="88" sc="9" el="88" ec="9" bec="0" bev="0" fileid="4" />
                <SequencePoint vc="28023" uspid="106" ordinal="0" offset="160" sl="89" sc="9" el="89" ec="9" bec="0" bev="0" fileid="4" />
                <SequencePoint vc="28023" uspid="107" ordinal="0" offset="167" sl="90" sc="9" el="90" ec="9" bec="0" bev="0" fileid="4" />
                <SequencePoint vc="28023" uspid="108" ordinal="0" offset="174" sl="91" sc="5" el="91" ec="5" bec="0" bev="0" fileid="4" />
              </SequencePoints>
              <BranchPoints />
            </Method>
            <Method visited="true" cyclomaticComplexity="6" nPathComplexity="0" sequenceCoverage="66.67" branchCoverage="0" crapScore="7.33" isConstructor="false" isStatic="false" isGetter="false" isSetter="false">
              <Summary numSequencePoints="6" visitedSequencePoints="4" numBranchPoints="0" visitedBranchPoints="0" sequenceCoverage="66.67" branchCoverage="0" maxCyclomaticComplexity="6" minCyclomaticComplexity="6" maxCrapScore="7.33" minCrapScore="7.33" visitedClasses="0" numClasses="0" visitedMethods="1" numMethods="1" />
              <MetadataToken>100663310</MetadataToken>
              <Name>System.Void GameManager::CheckForPauseInput()</Name>
              <FileRef uid="4" />
              <SequencePoints>
                <SequencePoint vc="28023" uspid="109" ordinal="0" offset="0" sl="94" sc="5" el="94" ec="5" bec="0" bev="0" fileid="4" />
                <SequencePoint vc="28023" uspid="110" ordinal="0" offset="1" sl="95" sc="9" el="95" ec="9" bec="0" bev="0" fileid="4" />
                <SequencePoint vc="0" uspid="111" ordinal="0" offset="26" sl="95" sc="62" el="95" ec="62" bec="0" bev="0" fileid="4" />
                <SequencePoint vc="28023" uspid="112" ordinal="0" offset="35" sl="96" sc="14" el="96" ec="14" bec="0" bev="0" fileid="4" />
                <SequencePoint vc="0" uspid="113" ordinal="0" offset="57" sl="96" sc="66" el="96" ec="66" bec="0" bev="0" fileid="4" />
                <SequencePoint vc="28023" uspid="114" ordinal="0" offset="64" sl="97" sc="5" el="97" ec="5" bec="0" bev="0" fileid="4" />
              </SequencePoints>
              <BranchPoints />
            </Method>
            <Method visited="true" cyclomaticComplexity="6" nPathComplexity="0" sequenceCoverage="95.83" branchCoverage="0" crapScore="6.00" isConstructor="false" isStatic="false" isGetter="false" isSetter="false">
              <Summary numSequencePoints="24" visitedSequencePoints="23" numBranchPoints="0" visitedBranchPoints="0" sequenceCoverage="95.83" branchCoverage="0" maxCyclomaticComplexity="6" minCyclomaticComplexity="6" maxCrapScore="6.00" minCrapScore="6.00" visitedClasses="0" numClasses="0" visitedMethods="1" numMethods="1" />
              <MetadataToken>100663312</MetadataToken>
              <Name>System.Void GameManager::ReleaseAnimationStates()</Name>
              <FileRef uid="4" />
              <SequencePoints>
                <SequencePoint vc="28023" uspid="123" ordinal="0" offset="0" sl="110" sc="5" el="110" ec="5" bec="0" bev="0" fileid="4" />
                <SequencePoint vc="28023" uspid="124" ordinal="0" offset="1" sl="113" sc="9" el="113" ec="9" bec="0" bev="0" fileid="4" />
                <SequencePoint vc="0" uspid="125" ordinal="0" offset="28" sl="113" sc="59" el="113" ec="59" bec="0" bev="0" fileid="4" />
                <SequencePoint vc="28023" uspid="126" ordinal="0" offset="33" sl="115" sc="9" el="115" ec="9" bec="0" bev="0" fileid="4" />
                <SequencePoint vc="25657" uspid="127" ordinal="0" offset="51" sl="116" sc="9" el="116" ec="9" bec="0" bev="0" fileid="4" />
                <SequencePoint vc="25657" uspid="128" ordinal="0" offset="52" sl="117" sc="13" el="117" ec="13" bec="0" bev="0" fileid="4" />
                <SequencePoint vc="25657" uspid="129" ordinal="0" offset="70" sl="118" sc="13" el="118" ec="13" bec="0" bev="0" fileid="4" />
                <SequencePoint vc="25657" uspid="130" ordinal="0" offset="88" sl="119" sc="9" el="119" ec="9" bec="0" bev="0" fileid="4" />
                <SequencePoint vc="28023" uspid="131" ordinal="0" offset="89" sl="120" sc="9" el="120" ec="9" bec="0" bev="0" fileid="4" />
                <SequencePoint vc="24411" uspid="132" ordinal="0" offset="107" sl="121" sc="9" el="121" ec="9" bec="0" bev="0" fileid="4" />
                <SequencePoint vc="24411" uspid="133" ordinal="0" offset="108" sl="122" sc="13" el="122" ec="13" bec="0" bev="0" fileid="4" />
                <SequencePoint vc="24411" uspid="134" ordinal="0" offset="126" sl="123" sc="13" el="123" ec="13" bec="0" bev="0" fileid="4" />
                <SequencePoint vc="24411" uspid="135" ordinal="0" offset="144" sl="124" sc="9" el="124" ec="9" bec="0" bev="0" fileid="4" />
                <SequencePoint vc="28023" uspid="136" ordinal="0" offset="145" sl="125" sc="9" el="125" ec="9" bec="0" bev="0" fileid="4" />
                <SequencePoint vc="24170" uspid="137" ordinal="0" offset="165" sl="126" sc="9" el="126" ec="9" bec="0" bev="0" fileid="4" />
                <SequencePoint vc="24170" uspid="138" ordinal="0" offset="166" sl="127" sc="13" el="127" ec="13" bec="0" bev="0" fileid="4" />
                <SequencePoint vc="24170" uspid="139" ordinal="0" offset="184" sl="128" sc="13" el="128" ec="13" bec="0" bev="0" fileid="4" />
                <SequencePoint vc="24170" uspid="140" ordinal="0" offset="202" sl="129" sc="9" el="129" ec="9" bec="0" bev="0" fileid="4" />
                <SequencePoint vc="28023" uspid="141" ordinal="0" offset="203" sl="130" sc="9" el="130" ec="9" bec="0" bev="0" fileid="4" />
                <SequencePoint vc="26353" uspid="142" ordinal="0" offset="223" sl="131" sc="9" el="131" ec="9" bec="0" bev="0" fileid="4" />
                <SequencePoint vc="26353" uspid="143" ordinal="0" offset="224" sl="132" sc="13" el="132" ec="13" bec="0" bev="0" fileid="4" />
                <SequencePoint vc="26353" uspid="144" ordinal="0" offset="242" sl="133" sc="13" el="133" ec="13" bec="0" bev="0" fileid="4" />
                <SequencePoint vc="26353" uspid="145" ordinal="0" offset="260" sl="134" sc="9" el="134" ec="9" bec="0" bev="0" fileid="4" />
                <SequencePoint vc="28023" uspid="146" ordinal="0" offset="261" sl="137" sc="5" el="137" ec="5" bec="0" bev="0" fileid="4" />
              </SequencePoints>
              <BranchPoints />
            </Method>
            <Method visited="true" cyclomaticComplexity="1" nPathComplexity="0" sequenceCoverage="100.0" branchCoverage="0" crapScore="1" isConstructor="false" isStatic="false" isGetter="false" isSetter="false">
              <Summary numSequencePoints="4" visitedSequencePoints="4" numBranchPoints="0" visitedBranchPoints="0" sequenceCoverage="100.0" branchCoverage="0" maxCyclomaticComplexity="1" minCyclomaticComplexity="1" maxCrapScore="1" minCrapScore="1" visitedClasses="0" numClasses="0" visitedMethods="1" numMethods="1" />
              <MetadataToken>100663317</MetadataToken>
              <Name>System.Void GameManager::HealthSlider()</Name>
              <FileRef uid="4" />
              <SequencePoints>
                <SequencePoint vc="28023" uspid="170" ordinal="0" offset="0" sl="174" sc="5" el="174" ec="5" bec="0" bev="0" fileid="4" />
                <SequencePoint vc="28023" uspid="171" ordinal="0" offset="1" sl="175" sc="9" el="175" ec="9" bec="0" bev="0" fileid="4" />
                <SequencePoint vc="28023" uspid="172" ordinal="0" offset="21" sl="176" sc="9" el="176" ec="9" bec="0" bev="0" fileid="4" />
                <SequencePoint vc="28023" uspid="173" ordinal="0" offset="68" sl="177" sc="5" el="177" ec="5" bec="0" bev="0" fileid="4" />
              </SequencePoints>
              <BranchPoints />
            </Method>
            <Method visited="true" cyclomaticComplexity="1" nPathComplexity="0" sequenceCoverage="100.0" branchCoverage="0" crapScore="1" isConstructor="false" isStatic="false" isGetter="false" isSetter="false">
              <Summary numSequencePoints="4" visitedSequencePoints="4" numBranchPoints="0" visitedBranchPoints="0" sequenceCoverage="100.0" branchCoverage="0" maxCyclomaticComplexity="1" minCyclomaticComplexity="1" maxCrapScore="1" minCrapScore="1" visitedClasses="0" numClasses="0" visitedMethods="1" numMethods="1" />
              <MetadataToken>100663318</MetadataToken>
              <Name>System.Void GameManager::ScoreText()</Name>
              <FileRef uid="4" />
              <SequencePoints>
                <SequencePoint vc="28023" uspid="174" ordinal="0" offset="0" sl="180" sc="5" el="180" ec="5" bec="0" bev="0" fileid="4" />
                <SequencePoint vc="28023" uspid="175" ordinal="0" offset="1" sl="181" sc="9" el="181" ec="9" bec="0" bev="0" fileid="4" />
                <SequencePoint vc="28023" uspid="176" ordinal="0" offset="25" sl="182" sc="9" el="182" ec="9" bec="0" bev="0" fileid="4" />
                <SequencePoint vc="28023" uspid="177" ordinal="0" offset="58" sl="183" sc="5" el="183" ec="5" bec="0" bev="0" fileid="4" />
              </SequencePoints>
              <BranchPoints />
            </Method>
            <Method visited="true" cyclomaticComplexity="1" nPathComplexity="0" sequenceCoverage="100.0" branchCoverage="0" crapScore="1" isConstructor="true" isStatic="false" isGetter="false" isSetter="false">
              <Summary numSequencePoints="10" visitedSequencePoints="10" numBranchPoints="0" visitedBranchPoints="0" sequenceCoverage="100.0" branchCoverage="0" maxCyclomaticComplexity="1" minCyclomaticComplexity="1" maxCrapScore="1" minCrapScore="1" visitedClasses="0" numClasses="0" visitedMethods="1" numMethods="1" />
              <MetadataToken>100663319</MetadataToken>
              <Name>GameManager::GameManager()</Name>
              <FileRef uid="4" />
              <SequencePoints>
                <SequencePoint vc="1" uspid="178" ordinal="0" offset="0" sl="11" sc="22" el="11" ec="22" bec="0" bev="0" fileid="4" />
                <SequencePoint vc="1" uspid="179" ordinal="0" offset="11" sl="35" sc="22" el="35" ec="22" bec="0" bev="0" fileid="4" />
                <SequencePoint vc="1" uspid="180" ordinal="0" offset="18" sl="36" sc="22" el="36" ec="22" bec="0" bev="0" fileid="4" />
                <SequencePoint vc="1" uspid="181" ordinal="0" offset="25" sl="37" sc="22" el="37" ec="22" bec="0" bev="0" fileid="4" />
                <SequencePoint vc="1" uspid="182" ordinal="0" offset="32" sl="38" sc="22" el="38" ec="22" bec="0" bev="0" fileid="4" />
                <SequencePoint vc="1" uspid="183" ordinal="0" offset="40" sl="42" sc="22" el="42" ec="22" bec="0" bev="0" fileid="4" />
                <SequencePoint vc="1" uspid="184" ordinal="0" offset="48" sl="43" sc="22" el="43" ec="22" bec="0" bev="0" fileid="4" />
                <SequencePoint vc="1" uspid="185" ordinal="0" offset="56" sl="44" sc="22" el="44" ec="22" bec="0" bev="0" fileid="4" />
                <SequencePoint vc="1" uspid="186" ordinal="0" offset="64" sl="45" sc="22" el="45" ec="22" bec="0" bev="0" fileid="4" />
                <SequencePoint vc="1" uspid="187" ordinal="0" offset="72" sl="50" sc="22" el="50" ec="22" bec="0" bev="0" fileid="4" />
              </SequencePoints>
              <BranchPoints />
            </Method>
          </Methods>
        </Class>
        <Class>
          <Summary numSequencePoints="18" visitedSequencePoints="18" numBranchPoints="0" visitedBranchPoints="0" sequenceCoverage="100.0" branchCoverage="0.0" maxCyclomaticComplexity="2" minCyclomaticComplexity="1" maxCrapScore="2" minCrapScore="1" visitedClasses="1" numClasses="1" visitedMethods="4" numMethods="4" />
          <FullName>NoteCuller</FullName>
          <Methods>
            <Method visited="true" cyclomaticComplexity="1" nPathComplexity="0" sequenceCoverage="100.0" branchCoverage="0" crapScore="1" isConstructor="false" isStatic="false" isGetter="false" isSetter="false">
              <Summary numSequencePoints="3" visitedSequencePoints="3" numBranchPoints="0" visitedBranchPoints="0" sequenceCoverage="100.0" branchCoverage="0" maxCyclomaticComplexity="1" minCyclomaticComplexity="1" maxCrapScore="1" minCrapScore="1" visitedClasses="0" numClasses="0" visitedMethods="1" numMethods="1" />
              <MetadataToken>100663341</MetadataToken>
              <Name>System.Void NoteCuller::Awake()</Name>
              <FileRef uid="7" />
              <SequencePoints>
                <SequencePoint vc="587" uspid="232" ordinal="0" offset="0" sl="10" sc="5" el="10" ec="5" bec="0" bev="0" fileid="7" />
                <SequencePoint vc="587" uspid="233" ordinal="0" offset="1" sl="11" sc="9" el="11" ec="9" bec="0" bev="0" fileid="7" />
                <SequencePoint vc="587" uspid="234" ordinal="0" offset="13" sl="12" sc="5" el="12" ec="5" bec="0" bev="0" fileid="7" />
              </SequencePoints>
              <BranchPoints />
            </Method>
            <Method visited="true" cyclomaticComplexity="1" nPathComplexity="0" sequenceCoverage="100.0" branchCoverage="0" crapScore="1" isConstructor="false" isStatic="false" isGetter="false" isSetter="false">
              <Summary numSequencePoints="3" visitedSequencePoints="3" numBranchPoints="0" visitedBranchPoints="0" sequenceCoverage="100.0" branchCoverage="0" maxCyclomaticComplexity="1" minCyclomaticComplexity="1" maxCrapScore="1" minCrapScore="1" visitedClasses="0" numClasses="0" visitedMethods="1" numMethods="1" />
              <MetadataToken>100663342</MetadataToken>
              <Name>System.Void NoteCuller::Start()</Name>
              <FileRef uid="7" />
              <SequencePoints>
                <SequencePoint vc="587" uspid="235" ordinal="0" offset="0" sl="15" sc="5" el="15" ec="5" bec="0" bev="0" fileid="7" />
                <SequencePoint vc="587" uspid="236" ordinal="0" offset="1" sl="16" sc="9" el="16" ec="9" bec="0" bev="0" fileid="7" />
                <SequencePoint vc="587" uspid="237" ordinal="0" offset="14" sl="17" sc="5" el="17" ec="5" bec="0" bev="0" fileid="7" />
              </SequencePoints>
              <BranchPoints />
            </Method>
            <Method visited="true" cyclomaticComplexity="2" nPathComplexity="0" sequenceCoverage="100.0" branchCoverage="0" crapScore="2" isConstructor="false" isStatic="false" isGetter="false" isSetter="false">
              <Summary numSequencePoints="6" visitedSequencePoints="6" numBranchPoints="0" visitedBranchPoints="0" sequenceCoverage="100.0" branchCoverage="0" maxCyclomaticComplexity="2" minCyclomaticComplexity="2" maxCrapScore="2" minCrapScore="2" visitedClasses="0" numClasses="0" visitedMethods="1" numMethods="1" />
              <MetadataToken>100663343</MetadataToken>
              <Name>System.Void NoteCuller::OnTriggerEnter2D(UnityEngine.Collider2D)</Name>
              <FileRef uid="7" />
              <SequencePoints>
                <SequencePoint vc="2759" uspid="238" ordinal="0" offset="0" sl="20" sc="5" el="20" ec="5" bec="0" bev="0" fileid="7" />
                <SequencePoint vc="2759" uspid="239" ordinal="0" offset="1" sl="21" sc="9" el="21" ec="9" bec="0" bev="0" fileid="7" />
                <SequencePoint vc="587" uspid="240" ordinal="0" offset="21" sl="22" sc="9" el="22" ec="9" bec="0" bev="0" fileid="7" />
                <SequencePoint vc="587" uspid="241" ordinal="0" offset="22" sl="23" sc="13" el="23" ec="13" bec="0" bev="0" fileid="7" />
                <SequencePoint vc="587" uspid="242" ordinal="0" offset="35" sl="24" sc="9" el="24" ec="9" bec="0" bev="0" fileid="7" />
                <SequencePoint vc="2759" uspid="243" ordinal="0" offset="36" sl="25" sc="5" el="25" ec="5" bec="0" bev="0" fileid="7" />
              </SequencePoints>
              <BranchPoints />
            </Method>
            <Method visited="true" cyclomaticComplexity="2" nPathComplexity="0" sequenceCoverage="100.0" branchCoverage="0" crapScore="2" isConstructor="false" isStatic="false" isGetter="false" isSetter="false">
              <Summary numSequencePoints="6" visitedSequencePoints="6" numBranchPoints="0" visitedBranchPoints="0" sequenceCoverage="100.0" branchCoverage="0" maxCyclomaticComplexity="2" minCyclomaticComplexity="2" maxCrapScore="2" minCrapScore="2" visitedClasses="0" numClasses="0" visitedMethods="1" numMethods="1" />
              <MetadataToken>100663344</MetadataToken>
              <Name>System.Void NoteCuller::OnTriggerExit2D(UnityEngine.Collider2D)</Name>
              <FileRef uid="7" />
              <SequencePoints>
                <SequencePoint vc="2759" uspid="244" ordinal="0" offset="0" sl="28" sc="5" el="28" ec="5" bec="0" bev="0" fileid="7" />
                <SequencePoint vc="2759" uspid="245" ordinal="0" offset="1" sl="29" sc="9" el="29" ec="9" bec="0" bev="0" fileid="7" />
                <SequencePoint vc="587" uspid="246" ordinal="0" offset="21" sl="30" sc="9" el="30" ec="9" bec="0" bev="0" fileid="7" />
                <SequencePoint vc="587" uspid="247" ordinal="0" offset="22" sl="31" sc="13" el="31" ec="13" bec="0" bev="0" fileid="7" />
                <SequencePoint vc="587" uspid="248" ordinal="0" offset="35" sl="32" sc="9" el="32" ec="9" bec="0" bev="0" fileid="7" />
                <SequencePoint vc="2759" uspid="249" ordinal="0" offset="36" sl="33" sc="5" el="33" ec="5" bec="0" bev="0" fileid="7" />
              </SequencePoints>
              <BranchPoints />
            </Method>
          </Methods>
        </Class>
        <Class>
          <Summary numSequencePoints="201" visitedSequencePoints="193" numBranchPoints="0" visitedBranchPoints="0" sequenceCoverage="96.02" branchCoverage="0.0" maxCyclomaticComplexity="85" minCyclomaticComplexity="1" maxCrapScore="85.94" minCrapScore="1" visitedClasses="1" numClasses="1" visitedMethods="5" numMethods="5" />
          <FullName>NoteLogic</FullName>
          <Methods>
            <Method visited="true" cyclomaticComplexity="1" nPathComplexity="0" sequenceCoverage="100.0" branchCoverage="0" crapScore="1" isConstructor="false" isStatic="false" isGetter="false" isSetter="false">
              <Summary numSequencePoints="3" visitedSequencePoints="3" numBranchPoints="0" visitedBranchPoints="0" sequenceCoverage="100.0" branchCoverage="0" maxCyclomaticComplexity="1" minCyclomaticComplexity="1" maxCrapScore="1" minCrapScore="1" visitedClasses="0" numClasses="0" visitedMethods="1" numMethods="1" />
              <MetadataToken>100663346</MetadataToken>
              <Name>System.Void NoteLogic::Update()</Name>
              <FileRef uid="8" />
              <SequencePoints>
                <SequencePoint vc="114250" uspid="250" ordinal="0" offset="0" sl="31" sc="5" el="31" ec="5" bec="0" bev="0" fileid="8" />
                <SequencePoint vc="114250" uspid="251" ordinal="0" offset="1" sl="32" sc="9" el="32" ec="9" bec="0" bev="0" fileid="8" />
                <SequencePoint vc="114250" uspid="252" ordinal="0" offset="8" sl="33" sc="5" el="33" ec="5" bec="0" bev="0" fileid="8" />
              </SequencePoints>
              <BranchPoints />
            </Method>
            <Method visited="true" cyclomaticComplexity="85" nPathComplexity="0" sequenceCoverage="94.94" branchCoverage="0" crapScore="85.94" isConstructor="false" isStatic="false" isGetter="false" isSetter="false">
              <Summary numSequencePoints="158" visitedSequencePoints="150" numBranchPoints="0" visitedBranchPoints="0" sequenceCoverage="94.94" branchCoverage="0" maxCyclomaticComplexity="85" minCyclomaticComplexity="85" maxCrapScore="85.94" minCrapScore="85.94" visitedClasses="0" numClasses="0" visitedMethods="1" numMethods="1" />
              <MetadataToken>100663347</MetadataToken>
              <Name>System.Void NoteLogic::CheckForInput()</Name>
              <FileRef uid="8" />
              <SequencePoints>
                <SequencePoint vc="114250" uspid="253" ordinal="0" offset="0" sl="36" sc="5" el="36" ec="5" bec="0" bev="0" fileid="8" />
                <SequencePoint vc="114250" uspid="254" ordinal="0" offset="1" sl="40" sc="9" el="40" ec="9" bec="0" bev="0" fileid="8" />
                <SequencePoint vc="21239" uspid="255" ordinal="0" offset="14" sl="41" sc="9" el="41" ec="9" bec="0" bev="0" fileid="8" />
                <SequencePoint vc="21239" uspid="256" ordinal="0" offset="15" sl="42" sc="13" el="42" ec="13" bec="0" bev="0" fileid="8" />
                <SequencePoint vc="0" uspid="257" ordinal="0" offset="72" sl="43" sc="13" el="43" ec="13" bec="0" bev="0" fileid="8" />
                <SequencePoint vc="0" uspid="258" ordinal="0" offset="73" sl="44" sc="17" el="44" ec="17" bec="0" bev="0" fileid="8" />
                <SequencePoint vc="0" uspid="259" ordinal="0" offset="95" sl="45" sc="17" el="45" ec="17" bec="0" bev="0" fileid="8" />
                <SequencePoint vc="0" uspid="260" ordinal="0" offset="117" sl="46" sc="17" el="46" ec="17" bec="0" bev="0" fileid="8" />
                <SequencePoint vc="0" uspid="261" ordinal="0" offset="144" sl="47" sc="17" el="47" ec="17" bec="0" bev="0" fileid="8" />
                <SequencePoint vc="0" uspid="262" ordinal="0" offset="173" sl="48" sc="17" el="48" ec="17" bec="0" bev="0" fileid="8" />
                <SequencePoint vc="0" uspid="263" ordinal="0" offset="186" sl="49" sc="17" el="49" ec="17" bec="0" bev="0" fileid="8" />
                <SequencePoint vc="0" uspid="264" ordinal="0" offset="219" sl="50" sc="13" el="50" ec="13" bec="0" bev="0" fileid="8" />
                <SequencePoint vc="21239" uspid="265" ordinal="0" offset="225" sl="51" sc="18" el="51" ec="18" bec="0" bev="0" fileid="8" />
                <SequencePoint vc="15" uspid="266" ordinal="0" offset="282" sl="52" sc="13" el="52" ec="13" bec="0" bev="0" fileid="8" />
                <SequencePoint vc="15" uspid="267" ordinal="0" offset="283" sl="53" sc="17" el="53" ec="17" bec="0" bev="0" fileid="8" />
                <SequencePoint vc="15" uspid="268" ordinal="0" offset="305" sl="54" sc="17" el="54" ec="17" bec="0" bev="0" fileid="8" />
                <SequencePoint vc="15" uspid="269" ordinal="0" offset="327" sl="55" sc="17" el="55" ec="17" bec="0" bev="0" fileid="8" />
                <SequencePoint vc="15" uspid="270" ordinal="0" offset="354" sl="56" sc="17" el="56" ec="17" bec="0" bev="0" fileid="8" />
                <SequencePoint vc="15" uspid="271" ordinal="0" offset="383" sl="57" sc="17" el="57" ec="17" bec="0" bev="0" fileid="8" />
                <SequencePoint vc="15" uspid="272" ordinal="0" offset="396" sl="58" sc="17" el="58" ec="17" bec="0" bev="0" fileid="8" />
                <SequencePoint vc="15" uspid="273" ordinal="0" offset="429" sl="59" sc="13" el="59" ec="13" bec="0" bev="0" fileid="8" />
                <SequencePoint vc="21224" uspid="274" ordinal="0" offset="435" sl="60" sc="18" el="60" ec="18" bec="0" bev="0" fileid="8" />
                <SequencePoint vc="28" uspid="275" ordinal="0" offset="492" sl="61" sc="13" el="61" ec="13" bec="0" bev="0" fileid="8" />
                <SequencePoint vc="28" uspid="276" ordinal="0" offset="493" sl="62" sc="17" el="62" ec="17" bec="0" bev="0" fileid="8" />
                <SequencePoint vc="28" uspid="277" ordinal="0" offset="515" sl="63" sc="17" el="63" ec="17" bec="0" bev="0" fileid="8" />
                <SequencePoint vc="28" uspid="278" ordinal="0" offset="537" sl="64" sc="17" el="64" ec="17" bec="0" bev="0" fileid="8" />
                <SequencePoint vc="28" uspid="279" ordinal="0" offset="564" sl="65" sc="17" el="65" ec="17" bec="0" bev="0" fileid="8" />
                <SequencePoint vc="28" uspid="280" ordinal="0" offset="593" sl="66" sc="17" el="66" ec="17" bec="0" bev="0" fileid="8" />
                <SequencePoint vc="28" uspid="281" ordinal="0" offset="606" sl="67" sc="17" el="67" ec="17" bec="0" bev="0" fileid="8" />
                <SequencePoint vc="28" uspid="282" ordinal="0" offset="639" sl="68" sc="13" el="68" ec="13" bec="0" bev="0" fileid="8" />
                <SequencePoint vc="21196" uspid="283" ordinal="0" offset="645" sl="69" sc="18" el="69" ec="18" bec="0" bev="0" fileid="8" />
                <SequencePoint vc="67" uspid="284" ordinal="0" offset="704" sl="70" sc="13" el="70" ec="13" bec="0" bev="0" fileid="8" />
                <SequencePoint vc="67" uspid="285" ordinal="0" offset="705" sl="71" sc="17" el="71" ec="17" bec="0" bev="0" fileid="8" />
                <SequencePoint vc="67" uspid="286" ordinal="0" offset="727" sl="72" sc="17" el="72" ec="17" bec="0" bev="0" fileid="8" />
                <SequencePoint vc="67" uspid="287" ordinal="0" offset="749" sl="73" sc="17" el="73" ec="17" bec="0" bev="0" fileid="8" />
                <SequencePoint vc="67" uspid="288" ordinal="0" offset="776" sl="74" sc="17" el="74" ec="17" bec="0" bev="0" fileid="8" />
                <SequencePoint vc="67" uspid="289" ordinal="0" offset="805" sl="75" sc="17" el="75" ec="17" bec="0" bev="0" fileid="8" />
                <SequencePoint vc="67" uspid="290" ordinal="0" offset="818" sl="76" sc="17" el="76" ec="17" bec="0" bev="0" fileid="8" />
                <SequencePoint vc="67" uspid="291" ordinal="0" offset="851" sl="77" sc="13" el="77" ec="13" bec="0" bev="0" fileid="8" />
                <SequencePoint vc="21239" uspid="292" ordinal="0" offset="852" sl="78" sc="9" el="78" ec="9" bec="0" bev="0" fileid="8" />
                <SequencePoint vc="114250" uspid="293" ordinal="0" offset="853" sl="84" sc="9" el="84" ec="9" bec="0" bev="0" fileid="8" />
                <SequencePoint vc="42009" uspid="294" ordinal="0" offset="868" sl="85" sc="9" el="85" ec="9" bec="0" bev="0" fileid="8" />
                <SequencePoint vc="42009" uspid="295" ordinal="0" offset="869" sl="86" sc="13" el="86" ec="13" bec="0" bev="0" fileid="8" />
                <SequencePoint vc="1" uspid="296" ordinal="0" offset="928" sl="87" sc="13" el="87" ec="13" bec="0" bev="0" fileid="8" />
                <SequencePoint vc="1" uspid="297" ordinal="0" offset="929" sl="88" sc="17" el="88" ec="17" bec="0" bev="0" fileid="8" />
                <SequencePoint vc="1" uspid="298" ordinal="0" offset="951" sl="89" sc="17" el="89" ec="17" bec="0" bev="0" fileid="8" />
                <SequencePoint vc="1" uspid="299" ordinal="0" offset="973" sl="90" sc="17" el="90" ec="17" bec="0" bev="0" fileid="8" />
                <SequencePoint vc="1" uspid="300" ordinal="0" offset="1000" sl="91" sc="17" el="91" ec="17" bec="0" bev="0" fileid="8" />
                <SequencePoint vc="1" uspid="301" ordinal="0" offset="1029" sl="92" sc="17" el="92" ec="17" bec="0" bev="0" fileid="8" />
                <SequencePoint vc="1" uspid="302" ordinal="0" offset="1042" sl="93" sc="17" el="93" ec="17" bec="0" bev="0" fileid="8" />
                <SequencePoint vc="1" uspid="303" ordinal="0" offset="1075" sl="94" sc="13" el="94" ec="13" bec="0" bev="0" fileid="8" />
                <SequencePoint vc="42008" uspid="304" ordinal="0" offset="1081" sl="95" sc="18" el="95" ec="18" bec="0" bev="0" fileid="8" />
                <SequencePoint vc="4" uspid="305" ordinal="0" offset="1140" sl="96" sc="13" el="96" ec="13" bec="0" bev="0" fileid="8" />
                <SequencePoint vc="4" uspid="306" ordinal="0" offset="1141" sl="97" sc="17" el="97" ec="17" bec="0" bev="0" fileid="8" />
                <SequencePoint vc="4" uspid="307" ordinal="0" offset="1163" sl="98" sc="17" el="98" ec="17" bec="0" bev="0" fileid="8" />
                <SequencePoint vc="4" uspid="308" ordinal="0" offset="1185" sl="99" sc="17" el="99" ec="17" bec="0" bev="0" fileid="8" />
                <SequencePoint vc="4" uspid="309" ordinal="0" offset="1212" sl="100" sc="17" el="100" ec="17" bec="0" bev="0" fileid="8" />
                <SequencePoint vc="4" uspid="310" ordinal="0" offset="1241" sl="101" sc="17" el="101" ec="17" bec="0" bev="0" fileid="8" />
                <SequencePoint vc="4" uspid="311" ordinal="0" offset="1254" sl="102" sc="17" el="102" ec="17" bec="0" bev="0" fileid="8" />
                <SequencePoint vc="4" uspid="312" ordinal="0" offset="1287" sl="103" sc="13" el="103" ec="13" bec="0" bev="0" fileid="8" />
                <SequencePoint vc="42004" uspid="313" ordinal="0" offset="1293" sl="104" sc="18" el="104" ec="18" bec="0" bev="0" fileid="8" />
                <SequencePoint vc="38" uspid="314" ordinal="0" offset="1352" sl="105" sc="13" el="105" ec="13" bec="0" bev="0" fileid="8" />
                <SequencePoint vc="38" uspid="315" ordinal="0" offset="1353" sl="106" sc="17" el="106" ec="17" bec="0" bev="0" fileid="8" />
                <SequencePoint vc="38" uspid="316" ordinal="0" offset="1375" sl="107" sc="17" el="107" ec="17" bec="0" bev="0" fileid="8" />
                <SequencePoint vc="38" uspid="317" ordinal="0" offset="1397" sl="108" sc="17" el="108" ec="17" bec="0" bev="0" fileid="8" />
                <SequencePoint vc="38" uspid="318" ordinal="0" offset="1424" sl="109" sc="17" el="109" ec="17" bec="0" bev="0" fileid="8" />
                <SequencePoint vc="38" uspid="319" ordinal="0" offset="1453" sl="110" sc="17" el="110" ec="17" bec="0" bev="0" fileid="8" />
                <SequencePoint vc="38" uspid="320" ordinal="0" offset="1466" sl="111" sc="17" el="111" ec="17" bec="0" bev="0" fileid="8" />
                <SequencePoint vc="38" uspid="321" ordinal="0" offset="1499" sl="112" sc="13" el="112" ec="13" bec="0" bev="0" fileid="8" />
                <SequencePoint vc="41966" uspid="322" ordinal="0" offset="1505" sl="113" sc="18" el="113" ec="18" bec="0" bev="0" fileid="8" />
                <SequencePoint vc="171" uspid="323" ordinal="0" offset="1564" sl="114" sc="13" el="114" ec="13" bec="0" bev="0" fileid="8" />
                <SequencePoint vc="171" uspid="324" ordinal="0" offset="1565" sl="115" sc="17" el="115" ec="17" bec="0" bev="0" fileid="8" />
                <SequencePoint vc="171" uspid="325" ordinal="0" offset="1587" sl="116" sc="17" el="116" ec="17" bec="0" bev="0" fileid="8" />
                <SequencePoint vc="171" uspid="326" ordinal="0" offset="1609" sl="117" sc="17" el="117" ec="17" bec="0" bev="0" fileid="8" />
                <SequencePoint vc="171" uspid="327" ordinal="0" offset="1636" sl="118" sc="17" el="118" ec="17" bec="0" bev="0" fileid="8" />
                <SequencePoint vc="171" uspid="328" ordinal="0" offset="1665" sl="119" sc="17" el="119" ec="17" bec="0" bev="0" fileid="8" />
                <SequencePoint vc="171" uspid="329" ordinal="0" offset="1678" sl="120" sc="17" el="120" ec="17" bec="0" bev="0" fileid="8" />
                <SequencePoint vc="171" uspid="330" ordinal="0" offset="1711" sl="121" sc="13" el="121" ec="13" bec="0" bev="0" fileid="8" />
                <SequencePoint vc="42009" uspid="331" ordinal="0" offset="1712" sl="122" sc="9" el="122" ec="9" bec="0" bev="0" fileid="8" />
                <SequencePoint vc="114250" uspid="332" ordinal="0" offset="1713" sl="128" sc="9" el="128" ec="9" bec="0" bev="0" fileid="8" />
                <SequencePoint vc="34893" uspid="333" ordinal="0" offset="1728" sl="129" sc="9" el="129" ec="9" bec="0" bev="0" fileid="8" />
                <SequencePoint vc="34893" uspid="334" ordinal="0" offset="1729" sl="130" sc="13" el="130" ec="13" bec="0" bev="0" fileid="8" />
                <SequencePoint vc="3" uspid="335" ordinal="0" offset="1788" sl="131" sc="13" el="131" ec="13" bec="0" bev="0" fileid="8" />
                <SequencePoint vc="3" uspid="336" ordinal="0" offset="1789" sl="132" sc="17" el="132" ec="17" bec="0" bev="0" fileid="8" />
                <SequencePoint vc="3" uspid="337" ordinal="0" offset="1811" sl="133" sc="17" el="133" ec="17" bec="0" bev="0" fileid="8" />
                <SequencePoint vc="3" uspid="338" ordinal="0" offset="1833" sl="134" sc="17" el="134" ec="17" bec="0" bev="0" fileid="8" />
                <SequencePoint vc="3" uspid="339" ordinal="0" offset="1860" sl="135" sc="17" el="135" ec="17" bec="0" bev="0" fileid="8" />
                <SequencePoint vc="3" uspid="340" ordinal="0" offset="1889" sl="136" sc="17" el="136" ec="17" bec="0" bev="0" fileid="8" />
                <SequencePoint vc="3" uspid="341" ordinal="0" offset="1902" sl="137" sc="17" el="137" ec="17" bec="0" bev="0" fileid="8" />
                <SequencePoint vc="3" uspid="342" ordinal="0" offset="1935" sl="138" sc="13" el="138" ec="13" bec="0" bev="0" fileid="8" />
                <SequencePoint vc="34890" uspid="343" ordinal="0" offset="1941" sl="139" sc="18" el="139" ec="18" bec="0" bev="0" fileid="8" />
                <SequencePoint vc="1" uspid="344" ordinal="0" offset="2000" sl="140" sc="13" el="140" ec="13" bec="0" bev="0" fileid="8" />
                <SequencePoint vc="1" uspid="345" ordinal="0" offset="2001" sl="141" sc="17" el="141" ec="17" bec="0" bev="0" fileid="8" />
                <SequencePoint vc="1" uspid="346" ordinal="0" offset="2023" sl="142" sc="17" el="142" ec="17" bec="0" bev="0" fileid="8" />
                <SequencePoint vc="1" uspid="347" ordinal="0" offset="2045" sl="143" sc="17" el="143" ec="17" bec="0" bev="0" fileid="8" />
                <SequencePoint vc="1" uspid="348" ordinal="0" offset="2072" sl="144" sc="17" el="144" ec="17" bec="0" bev="0" fileid="8" />
                <SequencePoint vc="1" uspid="349" ordinal="0" offset="2101" sl="145" sc="17" el="145" ec="17" bec="0" bev="0" fileid="8" />
                <SequencePoint vc="1" uspid="350" ordinal="0" offset="2114" sl="146" sc="17" el="146" ec="17" bec="0" bev="0" fileid="8" />
                <SequencePoint vc="1" uspid="351" ordinal="0" offset="2147" sl="147" sc="13" el="147" ec="13" bec="0" bev="0" fileid="8" />
                <SequencePoint vc="34889" uspid="352" ordinal="0" offset="2153" sl="148" sc="18" el="148" ec="18" bec="0" bev="0" fileid="8" />
                <SequencePoint vc="35" uspid="353" ordinal="0" offset="2212" sl="149" sc="13" el="149" ec="13" bec="0" bev="0" fileid="8" />
                <SequencePoint vc="35" uspid="354" ordinal="0" offset="2213" sl="150" sc="17" el="150" ec="17" bec="0" bev="0" fileid="8" />
                <SequencePoint vc="35" uspid="355" ordinal="0" offset="2235" sl="151" sc="17" el="151" ec="17" bec="0" bev="0" fileid="8" />
                <SequencePoint vc="35" uspid="356" ordinal="0" offset="2257" sl="152" sc="17" el="152" ec="17" bec="0" bev="0" fileid="8" />
                <SequencePoint vc="35" uspid="357" ordinal="0" offset="2284" sl="153" sc="17" el="153" ec="17" bec="0" bev="0" fileid="8" />
                <SequencePoint vc="35" uspid="358" ordinal="0" offset="2313" sl="154" sc="17" el="154" ec="17" bec="0" bev="0" fileid="8" />
                <SequencePoint vc="35" uspid="359" ordinal="0" offset="2326" sl="155" sc="17" el="155" ec="17" bec="0" bev="0" fileid="8" />
                <SequencePoint vc="35" uspid="360" ordinal="0" offset="2359" sl="156" sc="13" el="156" ec="13" bec="0" bev="0" fileid="8" />
                <SequencePoint vc="34854" uspid="361" ordinal="0" offset="2365" sl="157" sc="18" el="157" ec="18" bec="0" bev="0" fileid="8" />
                <SequencePoint vc="140" uspid="362" ordinal="0" offset="2424" sl="158" sc="13" el="158" ec="13" bec="0" bev="0" fileid="8" />
                <SequencePoint vc="140" uspid="363" ordinal="0" offset="2425" sl="159" sc="17" el="159" ec="17" bec="0" bev="0" fileid="8" />
                <SequencePoint vc="140" uspid="364" ordinal="0" offset="2447" sl="160" sc="17" el="160" ec="17" bec="0" bev="0" fileid="8" />
                <SequencePoint vc="140" uspid="365" ordinal="0" offset="2469" sl="161" sc="17" el="161" ec="17" bec="0" bev="0" fileid="8" />
                <SequencePoint vc="140" uspid="366" ordinal="0" offset="2496" sl="162" sc="17" el="162" ec="17" bec="0" bev="0" fileid="8" />
                <SequencePoint vc="140" uspid="367" ordinal="0" offset="2525" sl="163" sc="17" el="163" ec="17" bec="0" bev="0" fileid="8" />
                <SequencePoint vc="140" uspid="368" ordinal="0" offset="2538" sl="164" sc="17" el="164" ec="17" bec="0" bev="0" fileid="8" />
                <SequencePoint vc="140" uspid="369" ordinal="0" offset="2571" sl="165" sc="13" el="165" ec="13" bec="0" bev="0" fileid="8" />
                <SequencePoint vc="34893" uspid="370" ordinal="0" offset="2572" sl="166" sc="9" el="166" ec="9" bec="0" bev="0" fileid="8" />
                <SequencePoint vc="114250" uspid="371" ordinal="0" offset="2573" sl="172" sc="9" el="172" ec="9" bec="0" bev="0" fileid="8" />
                <SequencePoint vc="16109" uspid="372" ordinal="0" offset="2588" sl="173" sc="9" el="173" ec="9" bec="0" bev="0" fileid="8" />
                <SequencePoint vc="16109" uspid="373" ordinal="0" offset="2589" sl="174" sc="13" el="174" ec="13" bec="0" bev="0" fileid="8" />
                <SequencePoint vc="3" uspid="374" ordinal="0" offset="2648" sl="175" sc="13" el="175" ec="13" bec="0" bev="0" fileid="8" />
                <SequencePoint vc="3" uspid="375" ordinal="0" offset="2649" sl="176" sc="17" el="176" ec="17" bec="0" bev="0" fileid="8" />
                <SequencePoint vc="3" uspid="376" ordinal="0" offset="2671" sl="177" sc="17" el="177" ec="17" bec="0" bev="0" fileid="8" />
                <SequencePoint vc="3" uspid="377" ordinal="0" offset="2693" sl="178" sc="17" el="178" ec="17" bec="0" bev="0" fileid="8" />
                <SequencePoint vc="3" uspid="378" ordinal="0" offset="2720" sl="179" sc="17" el="179" ec="17" bec="0" bev="0" fileid="8" />
                <SequencePoint vc="3" uspid="379" ordinal="0" offset="2749" sl="180" sc="17" el="180" ec="17" bec="0" bev="0" fileid="8" />
                <SequencePoint vc="3" uspid="380" ordinal="0" offset="2762" sl="181" sc="17" el="181" ec="17" bec="0" bev="0" fileid="8" />
                <SequencePoint vc="3" uspid="381" ordinal="0" offset="2795" sl="182" sc="13" el="182" ec="13" bec="0" bev="0" fileid="8" />
                <SequencePoint vc="16106" uspid="382" ordinal="0" offset="2801" sl="183" sc="18" el="183" ec="18" bec="0" bev="0" fileid="8" />
                <SequencePoint vc="3" uspid="383" ordinal="0" offset="2860" sl="184" sc="13" el="184" ec="13" bec="0" bev="0" fileid="8" />
                <SequencePoint vc="3" uspid="384" ordinal="0" offset="2861" sl="185" sc="17" el="185" ec="17" bec="0" bev="0" fileid="8" />
                <SequencePoint vc="3" uspid="385" ordinal="0" offset="2883" sl="186" sc="17" el="186" ec="17" bec="0" bev="0" fileid="8" />
                <SequencePoint vc="3" uspid="386" ordinal="0" offset="2905" sl="187" sc="17" el="187" ec="17" bec="0" bev="0" fileid="8" />
                <SequencePoint vc="3" uspid="387" ordinal="0" offset="2932" sl="188" sc="17" el="188" ec="17" bec="0" bev="0" fileid="8" />
                <SequencePoint vc="3" uspid="388" ordinal="0" offset="2961" sl="189" sc="17" el="189" ec="17" bec="0" bev="0" fileid="8" />
                <SequencePoint vc="3" uspid="389" ordinal="0" offset="2974" sl="190" sc="17" el="190" ec="17" bec="0" bev="0" fileid="8" />
                <SequencePoint vc="3" uspid="390" ordinal="0" offset="3007" sl="191" sc="13" el="191" ec="13" bec="0" bev="0" fileid="8" />
                <SequencePoint vc="16103" uspid="391" ordinal="0" offset="3013" sl="192" sc="18" el="192" ec="18" bec="0" bev="0" fileid="8" />
                <SequencePoint vc="23" uspid="392" ordinal="0" offset="3072" sl="193" sc="13" el="193" ec="13" bec="0" bev="0" fileid="8" />
                <SequencePoint vc="23" uspid="393" ordinal="0" offset="3073" sl="194" sc="17" el="194" ec="17" bec="0" bev="0" fileid="8" />
                <SequencePoint vc="23" uspid="394" ordinal="0" offset="3095" sl="195" sc="17" el="195" ec="17" bec="0" bev="0" fileid="8" />
                <SequencePoint vc="23" uspid="395" ordinal="0" offset="3117" sl="196" sc="17" el="196" ec="17" bec="0" bev="0" fileid="8" />
                <SequencePoint vc="23" uspid="396" ordinal="0" offset="3144" sl="197" sc="17" el="197" ec="17" bec="0" bev="0" fileid="8" />
                <SequencePoint vc="23" uspid="397" ordinal="0" offset="3173" sl="198" sc="17" el="198" ec="17" bec="0" bev="0" fileid="8" />
                <SequencePoint vc="23" uspid="398" ordinal="0" offset="3186" sl="199" sc="17" el="199" ec="17" bec="0" bev="0" fileid="8" />
                <SequencePoint vc="23" uspid="399" ordinal="0" offset="3219" sl="200" sc="13" el="200" ec="13" bec="0" bev="0" fileid="8" />
                <SequencePoint vc="16080" uspid="400" ordinal="0" offset="3225" sl="201" sc="18" el="201" ec="18" bec="0" bev="0" fileid="8" />
                <SequencePoint vc="55" uspid="401" ordinal="0" offset="3284" sl="202" sc="13" el="202" ec="13" bec="0" bev="0" fileid="8" />
                <SequencePoint vc="55" uspid="402" ordinal="0" offset="3285" sl="203" sc="17" el="203" ec="17" bec="0" bev="0" fileid="8" />
                <SequencePoint vc="55" uspid="403" ordinal="0" offset="3307" sl="204" sc="17" el="204" ec="17" bec="0" bev="0" fileid="8" />
                <SequencePoint vc="55" uspid="404" ordinal="0" offset="3329" sl="205" sc="17" el="205" ec="17" bec="0" bev="0" fileid="8" />
                <SequencePoint vc="55" uspid="405" ordinal="0" offset="3356" sl="206" sc="17" el="206" ec="17" bec="0" bev="0" fileid="8" />
                <SequencePoint vc="55" uspid="406" ordinal="0" offset="3385" sl="207" sc="17" el="207" ec="17" bec="0" bev="0" fileid="8" />
                <SequencePoint vc="55" uspid="407" ordinal="0" offset="3398" sl="208" sc="17" el="208" ec="17" bec="0" bev="0" fileid="8" />
                <SequencePoint vc="55" uspid="408" ordinal="0" offset="3431" sl="209" sc="13" el="209" ec="13" bec="0" bev="0" fileid="8" />
                <SequencePoint vc="16109" uspid="409" ordinal="0" offset="3432" sl="210" sc="9" el="210" ec="9" bec="0" bev="0" fileid="8" />
                <SequencePoint vc="114250" uspid="410" ordinal="0" offset="3433" sl="213" sc="5" el="213" ec="5" bec="0" bev="0" fileid="8" />
              </SequencePoints>
              <BranchPoints />
            </Method>
            <Method visited="true" cyclomaticComplexity="5" nPathComplexity="0" sequenceCoverage="100.0" branchCoverage="0" crapScore="5" isConstructor="false" isStatic="false" isGetter="false" isSetter="false">
              <Summary numSequencePoints="18" visitedSequencePoints="18" numBranchPoints="0" visitedBranchPoints="0" sequenceCoverage="100.0" branchCoverage="0" maxCyclomaticComplexity="5" minCyclomaticComplexity="5" maxCrapScore="5" minCrapScore="5" visitedClasses="0" numClasses="0" visitedMethods="1" numMethods="1" />
              <MetadataToken>100663348</MetadataToken>
              <Name>System.Void NoteLogic::OnTriggerEnter2D(UnityEngine.Collider2D)</Name>
              <FileRef uid="8" />
              <SequencePoints>
                <SequencePoint vc="2759" uspid="411" ordinal="0" offset="0" sl="216" sc="5" el="216" ec="5" bec="0" bev="0" fileid="8" />
                <SequencePoint vc="2759" uspid="412" ordinal="0" offset="1" sl="217" sc="9" el="217" ec="9" bec="0" bev="0" fileid="8" />
                <SequencePoint vc="587" uspid="413" ordinal="0" offset="21" sl="218" sc="9" el="218" ec="9" bec="0" bev="0" fileid="8" />
                <SequencePoint vc="587" uspid="414" ordinal="0" offset="22" sl="219" sc="13" el="219" ec="13" bec="0" bev="0" fileid="8" />
                <SequencePoint vc="587" uspid="415" ordinal="0" offset="29" sl="220" sc="9" el="220" ec="9" bec="0" bev="0" fileid="8" />
                <SequencePoint vc="2759" uspid="416" ordinal="0" offset="30" sl="222" sc="9" el="222" ec="9" bec="0" bev="0" fileid="8" />
                <SequencePoint vc="580" uspid="417" ordinal="0" offset="50" sl="223" sc="9" el="223" ec="9" bec="0" bev="0" fileid="8" />
                <SequencePoint vc="580" uspid="418" ordinal="0" offset="51" sl="224" sc="13" el="224" ec="13" bec="0" bev="0" fileid="8" />
                <SequencePoint vc="580" uspid="419" ordinal="0" offset="58" sl="225" sc="9" el="225" ec="9" bec="0" bev="0" fileid="8" />
                <SequencePoint vc="2759" uspid="420" ordinal="0" offset="59" sl="227" sc="9" el="227" ec="9" bec="0" bev="0" fileid="8" />
                <SequencePoint vc="557" uspid="421" ordinal="0" offset="79" sl="228" sc="9" el="228" ec="9" bec="0" bev="0" fileid="8" />
                <SequencePoint vc="557" uspid="422" ordinal="0" offset="80" sl="229" sc="13" el="229" ec="13" bec="0" bev="0" fileid="8" />
                <SequencePoint vc="557" uspid="423" ordinal="0" offset="87" sl="230" sc="9" el="230" ec="9" bec="0" bev="0" fileid="8" />
                <SequencePoint vc="2759" uspid="424" ordinal="0" offset="88" sl="232" sc="9" el="232" ec="9" bec="0" bev="0" fileid="8" />
                <SequencePoint vc="448" uspid="425" ordinal="0" offset="108" sl="233" sc="9" el="233" ec="9" bec="0" bev="0" fileid="8" />
                <SequencePoint vc="448" uspid="426" ordinal="0" offset="109" sl="234" sc="13" el="234" ec="13" bec="0" bev="0" fileid="8" />
                <SequencePoint vc="448" uspid="427" ordinal="0" offset="116" sl="235" sc="9" el="235" ec="9" bec="0" bev="0" fileid="8" />
                <SequencePoint vc="2759" uspid="428" ordinal="0" offset="117" sl="236" sc="5" el="236" ec="5" bec="0" bev="0" fileid="8" />
              </SequencePoints>
              <BranchPoints />
            </Method>
            <Method visited="true" cyclomaticComplexity="5" nPathComplexity="0" sequenceCoverage="100.0" branchCoverage="0" crapScore="5" isConstructor="false" isStatic="false" isGetter="false" isSetter="false">
              <Summary numSequencePoints="18" visitedSequencePoints="18" numBranchPoints="0" visitedBranchPoints="0" sequenceCoverage="100.0" branchCoverage="0" maxCyclomaticComplexity="5" minCyclomaticComplexity="5" maxCrapScore="5" minCrapScore="5" visitedClasses="0" numClasses="0" visitedMethods="1" numMethods="1" />
              <MetadataToken>100663349</MetadataToken>
              <Name>System.Void NoteLogic::OnTriggerExit2D(UnityEngine.Collider2D)</Name>
              <FileRef uid="8" />
              <SequencePoints>
                <SequencePoint vc="2759" uspid="429" ordinal="0" offset="0" sl="239" sc="5" el="239" ec="5" bec="0" bev="0" fileid="8" />
                <SequencePoint vc="2759" uspid="430" ordinal="0" offset="1" sl="240" sc="9" el="240" ec="9" bec="0" bev="0" fileid="8" />
                <SequencePoint vc="587" uspid="431" ordinal="0" offset="21" sl="241" sc="9" el="241" ec="9" bec="0" bev="0" fileid="8" />
                <SequencePoint vc="587" uspid="432" ordinal="0" offset="22" sl="242" sc="13" el="242" ec="13" bec="0" bev="0" fileid="8" />
                <SequencePoint vc="587" uspid="433" ordinal="0" offset="29" sl="243" sc="9" el="243" ec="9" bec="0" bev="0" fileid="8" />
                <SequencePoint vc="2759" uspid="434" ordinal="0" offset="30" sl="245" sc="9" el="245" ec="9" bec="0" bev="0" fileid="8" />
                <SequencePoint vc="580" uspid="435" ordinal="0" offset="50" sl="246" sc="9" el="246" ec="9" bec="0" bev="0" fileid="8" />
                <SequencePoint vc="580" uspid="436" ordinal="0" offset="51" sl="247" sc="13" el="247" ec="13" bec="0" bev="0" fileid="8" />
                <SequencePoint vc="580" uspid="437" ordinal="0" offset="58" sl="248" sc="9" el="248" ec="9" bec="0" bev="0" fileid="8" />
                <SequencePoint vc="2759" uspid="438" ordinal="0" offset="59" sl="250" sc="9" el="250" ec="9" bec="0" bev="0" fileid="8" />
                <SequencePoint vc="557" uspid="439" ordinal="0" offset="79" sl="251" sc="9" el="251" ec="9" bec="0" bev="0" fileid="8" />
                <SequencePoint vc="557" uspid="440" ordinal="0" offset="80" sl="252" sc="13" el="252" ec="13" bec="0" bev="0" fileid="8" />
                <SequencePoint vc="557" uspid="441" ordinal="0" offset="87" sl="253" sc="9" el="253" ec="9" bec="0" bev="0" fileid="8" />
                <SequencePoint vc="2759" uspid="442" ordinal="0" offset="88" sl="255" sc="9" el="255" ec="9" bec="0" bev="0" fileid="8" />
                <SequencePoint vc="448" uspid="443" ordinal="0" offset="108" sl="256" sc="9" el="256" ec="9" bec="0" bev="0" fileid="8" />
                <SequencePoint vc="448" uspid="444" ordinal="0" offset="109" sl="257" sc="13" el="257" ec="13" bec="0" bev="0" fileid="8" />
                <SequencePoint vc="448" uspid="445" ordinal="0" offset="116" sl="258" sc="9" el="258" ec="9" bec="0" bev="0" fileid="8" />
                <SequencePoint vc="2759" uspid="446" ordinal="0" offset="117" sl="259" sc="5" el="259" ec="5" bec="0" bev="0" fileid="8" />
              </SequencePoints>
              <BranchPoints />
            </Method>
            <Method visited="true" cyclomaticComplexity="1" nPathComplexity="0" sequenceCoverage="100.0" branchCoverage="0" crapScore="1" isConstructor="true" isStatic="false" isGetter="false" isSetter="false">
              <Summary numSequencePoints="4" visitedSequencePoints="4" numBranchPoints="0" visitedBranchPoints="0" sequenceCoverage="100.0" branchCoverage="0" maxCyclomaticComplexity="1" minCyclomaticComplexity="1" maxCrapScore="1" minCrapScore="1" visitedClasses="0" numClasses="0" visitedMethods="1" numMethods="1" />
              <MetadataToken>100663350</MetadataToken>
              <Name>NoteLogic::NoteLogic()</Name>
              <FileRef uid="8" />
              <SequencePoints>
                <SequencePoint vc="587" uspid="447" ordinal="0" offset="0" sl="8" sc="5" el="8" ec="5" bec="0" bev="0" fileid="8" />
                <SequencePoint vc="587" uspid="448" ordinal="0" offset="7" sl="9" sc="5" el="9" ec="5" bec="0" bev="0" fileid="8" />
                <SequencePoint vc="587" uspid="449" ordinal="0" offset="14" sl="10" sc="5" el="10" ec="5" bec="0" bev="0" fileid="8" />
                <SequencePoint vc="587" uspid="450" ordinal="0" offset="21" sl="11" sc="5" el="11" ec="5" bec="0" bev="0" fileid="8" />
              </SequencePoints>
              <BranchPoints />
            </Method>
          </Methods>
        </Class>
      </Classes>
    </Module>
  </Modules>
</CoverageSession>